[ 2015-07-27T19:50:54+08:00 ] 127.0.0.1 /51bb/api/about/announce
INFO: [ app_init ] --START--
INFO: Run Behavior\BuildLiteBehavior [ RunTime:0.000000s ]
INFO: Run Common\Behavior\InitHookBehavior [ RunTime:0.003000s ]
INFO: [ app_init ] --END-- [ RunTime:0.005001s ]
INFO: [ app_begin ] --START--
INFO: Run Behavior\ReadHtmlCacheBehavior [ RunTime:0.001000s ]
INFO: [ app_begin ] --END-- [ RunTime:0.002000s ]
SQL: SHOW COLUMNS FROM `bb_document` [ RunTime:0.0030s ]
SQL: SELECT * FROM `bb_document` join bb_category as C on bb_document.category_id=C.id  WHERE ( C.name="announce" and bb_document.category_id=C.id )  [ RunTime:0.0000s ]
NOTIC: [8] Undefined index: code D:\HHH\wamp\www\51bb\Application\Api\Controller\AboutController.class.php 第 49 行.

[ 2015-07-27T19:52:15+08:00 ] 127.0.0.1 /51bb/api/about/announce
INFO: [ app_init ] --START--
INFO: Run Behavior\BuildLiteBehavior [ RunTime:0.000000s ]
INFO: Run Common\Behavior\InitHookBehavior [ RunTime:0.003000s ]
INFO: [ app_init ] --END-- [ RunTime:0.003000s ]
INFO: [ app_begin ] --START--
INFO: Run Behavior\ReadHtmlCacheBehavior [ RunTime:0.001000s ]
INFO: [ app_begin ] --END-- [ RunTime:0.001000s ]
SQL: SHOW COLUMNS FROM `bb_document` [ RunTime:0.0430s ]
SQL: SELECT * FROM `bb_document` join bb_category as C on bb_document.category_id=C.id  WHERE ( C.name="announce" and bb_document.category_id=C.id )  [ RunTime:0.0020s ]

[ 2015-07-27T19:52:41+08:00 ] 127.0.0.1 /51bb/api/about/announce
INFO: [ app_init ] --START--
INFO: Run Behavior\BuildLiteBehavior [ RunTime:0.000000s ]
INFO: Run Common\Behavior\InitHookBehavior [ RunTime:0.004000s ]
INFO: [ app_init ] --END-- [ RunTime:0.004000s ]
INFO: [ app_begin ] --START--
INFO: Run Behavior\ReadHtmlCacheBehavior [ RunTime:0.001000s ]
INFO: [ app_begin ] --END-- [ RunTime:0.001000s ]
SQL: SHOW COLUMNS FROM `bb_document` [ RunTime:0.0030s ]
SQL: SELECT * FROM `bb_document` join bb_category as C on bb_document.category_id=C.id  WHERE ( C.name="announce" and bb_document.category_id=C.id )  [ RunTime:0.0000s ]

[ 2015-07-27T19:54:14+08:00 ] 127.0.0.1 /51bb/api/about/announce
INFO: [ app_init ] --START--
INFO: Run Behavior\BuildLiteBehavior [ RunTime:0.000000s ]
INFO: Run Common\Behavior\InitHookBehavior [ RunTime:0.002000s ]
INFO: [ app_init ] --END-- [ RunTime:0.004001s ]
INFO: [ app_begin ] --START--
INFO: Run Behavior\ReadHtmlCacheBehavior [ RunTime:0.001000s ]
INFO: [ app_begin ] --END-- [ RunTime:0.001000s ]
SQL: SHOW COLUMNS FROM `bb_document` [ RunTime:0.0030s ]
SQL: SELECT bb_document.id,bb_document.title FROM `bb_document` join bb_category as C on bb_document.category_id=C.id  WHERE ( C.name="announce" and bb_document.category_id=C.id )  [ RunTime:0.0000s ]

[ 2015-07-27T19:54:46+08:00 ] 127.0.0.1 /51bb/api/about/announce
INFO: [ app_init ] --START--
INFO: Run Behavior\BuildLiteBehavior [ RunTime:0.000000s ]
INFO: Run Common\Behavior\InitHookBehavior [ RunTime:0.004000s ]
INFO: [ app_init ] --END-- [ RunTime:0.005000s ]
INFO: [ app_begin ] --START--
INFO: Run Behavior\ReadHtmlCacheBehavior [ RunTime:0.000000s ]
INFO: [ app_begin ] --END-- [ RunTime:0.001000s ]
SQL: SHOW COLUMNS FROM `bb_document` [ RunTime:0.0040s ]
SQL: SELECT * FROM `bb_document` join bb_category as C on bb_document.category_id=C.id  WHERE ( C.name="announce" and bb_document.category_id=C.id )  [ RunTime:0.0000s ]

[ 2015-07-27T19:55:12+08:00 ] 127.0.0.1 /51bb/api/about/announce
INFO: [ app_init ] --START--
INFO: Run Behavior\BuildLiteBehavior [ RunTime:0.000000s ]
INFO: Run Common\Behavior\InitHookBehavior [ RunTime:0.004000s ]
INFO: [ app_init ] --END-- [ RunTime:0.005000s ]
INFO: [ app_begin ] --START--
INFO: Run Behavior\ReadHtmlCacheBehavior [ RunTime:0.001000s ]
INFO: [ app_begin ] --END-- [ RunTime:0.001000s ]
SQL: SHOW COLUMNS FROM `bb_document` [ RunTime:0.0030s ]
SQL: SELECT bb_document.id,bb_document.title FROM `bb_document` join bb_category as C on bb_document.category_id=C.id  WHERE ( C.name="announce" and bb_document.category_id=C.id )  [ RunTime:0.0010s ]

[ 2015-07-27T19:55:58+08:00 ] 127.0.0.1 /51bb/api/about/announce
INFO: [ app_init ] --START--
INFO: Run Behavior\BuildLiteBehavior [ RunTime:0.000000s ]
INFO: Run Common\Behavior\InitHookBehavior [ RunTime:0.002000s ]
INFO: [ app_init ] --END-- [ RunTime:0.002000s ]
INFO: [ app_begin ] --START--
INFO: Run Behavior\ReadHtmlCacheBehavior [ RunTime:0.001000s ]
INFO: [ app_begin ] --END-- [ RunTime:0.001000s ]
SQL: SHOW COLUMNS FROM `bb_document` [ RunTime:0.0030s ]
SQL: SELECT bb_document.id,bb_document.title FROM `bb_document` join bb_category as C on bb_document.category_id=C.id  WHERE ( C.name="announce" and bb_document.category_id=C.id )  [ RunTime:0.0000s ]

[ 2015-07-27T19:57:32+08:00 ] 127.0.0.1 /51bb/api/about/announce
INFO: [ app_init ] --START--
INFO: Run Behavior\BuildLiteBehavior [ RunTime:0.000000s ]
INFO: Run Common\Behavior\InitHookBehavior [ RunTime:0.003000s ]
INFO: [ app_init ] --END-- [ RunTime:0.004000s ]
INFO: [ app_begin ] --START--
INFO: Run Behavior\ReadHtmlCacheBehavior [ RunTime:0.001000s ]
INFO: [ app_begin ] --END-- [ RunTime:0.001000s ]
SQL: SHOW COLUMNS FROM `bb_document` [ RunTime:0.0030s ]
SQL: SELECT bb_document.id,bb_document.title FROM `bb_document` join bb_category as C on bb_document.category_id=C.id  WHERE ( C.name="announce" and bb_document.category_id=C.id ) ORDER BY bb_document.id desc  [ RunTime:0.0010s ]

[ 2015-07-27T19:57:33+08:00 ] 127.0.0.1 /51bb/api/about/announce
INFO: [ app_init ] --START--
INFO: Run Behavior\BuildLiteBehavior [ RunTime:0.000000s ]
INFO: Run Common\Behavior\InitHookBehavior [ RunTime:0.003000s ]
INFO: [ app_init ] --END-- [ RunTime:0.005001s ]
INFO: [ app_begin ] --START--
INFO: Run Behavior\ReadHtmlCacheBehavior [ RunTime:0.000000s ]
INFO: [ app_begin ] --END-- [ RunTime:0.000000s ]
SQL: SHOW COLUMNS FROM `bb_document` [ RunTime:0.0030s ]
SQL: SELECT bb_document.id,bb_document.title FROM `bb_document` join bb_category as C on bb_document.category_id=C.id  WHERE ( C.name="announce" and bb_document.category_id=C.id ) ORDER BY bb_document.id desc  [ RunTime:0.0000s ]

[ 2015-07-27T19:57:33+08:00 ] 127.0.0.1 /51bb/api/about/announce
INFO: [ app_init ] --START--
INFO: Run Behavior\BuildLiteBehavior [ RunTime:0.000000s ]
INFO: Run Common\Behavior\InitHookBehavior [ RunTime:0.002000s ]
INFO: [ app_init ] --END-- [ RunTime:0.003001s ]
INFO: [ app_begin ] --START--
INFO: Run Behavior\ReadHtmlCacheBehavior [ RunTime:0.000000s ]
INFO: [ app_begin ] --END-- [ RunTime:0.001000s ]
SQL: SHOW COLUMNS FROM `bb_document` [ RunTime:0.0020s ]
SQL: SELECT bb_document.id,bb_document.title FROM `bb_document` join bb_category as C on bb_document.category_id=C.id  WHERE ( C.name="announce" and bb_document.category_id=C.id ) ORDER BY bb_document.id desc  [ RunTime:0.0010s ]

[ 2015-07-27T19:57:39+08:00 ] 127.0.0.1 /51bb/api/about/announce
INFO: [ app_init ] --START--
INFO: Run Behavior\BuildLiteBehavior [ RunTime:0.000000s ]
INFO: Run Common\Behavior\InitHookBehavior [ RunTime:0.002000s ]
INFO: [ app_init ] --END-- [ RunTime:0.003000s ]
INFO: [ app_begin ] --START--
INFO: Run Behavior\ReadHtmlCacheBehavior [ RunTime:0.001000s ]
INFO: [ app_begin ] --END-- [ RunTime:0.001000s ]
SQL: SHOW COLUMNS FROM `bb_document` [ RunTime:0.0820s ]
SQL: SELECT bb_document.id,bb_document.title FROM `bb_document` join bb_category as C on bb_document.category_id=C.id  WHERE ( C.name="announce" and bb_document.category_id=C.id ) ORDER BY bb_document.id asc  [ RunTime:0.0010s ]

[ 2015-07-27T19:58:06+08:00 ] 127.0.0.1 /51bb/api/about/announce
INFO: [ app_init ] --START--
INFO: Run Behavior\BuildLiteBehavior [ RunTime:0.000000s ]
INFO: Run Common\Behavior\InitHookBehavior [ RunTime:0.003000s ]
INFO: [ app_init ] --END-- [ RunTime:0.003000s ]
INFO: [ app_begin ] --START--
INFO: Run Behavior\ReadHtmlCacheBehavior [ RunTime:0.000000s ]
INFO: [ app_begin ] --END-- [ RunTime:0.000000s ]
SQL: SHOW COLUMNS FROM `bb_document` [ RunTime:0.0030s ]
ERR: SQLSTATE[42000]: Syntax error or access violation: 1064 Erreur de syntaxe près de 'bb_document.status=1 ) ORDER BY bb_document.id desc' à la ligne 1

[ 2015-07-27T19:58:14+08:00 ] 127.0.0.1 /51bb/api/about/announce
INFO: [ app_init ] --START--
INFO: Run Behavior\BuildLiteBehavior [ RunTime:0.000000s ]
INFO: Run Common\Behavior\InitHookBehavior [ RunTime:0.003001s ]
INFO: [ app_init ] --END-- [ RunTime:0.004001s ]
INFO: [ app_begin ] --START--
INFO: Run Behavior\ReadHtmlCacheBehavior [ RunTime:0.000000s ]
INFO: [ app_begin ] --END-- [ RunTime:0.002000s ]
SQL: SHOW COLUMNS FROM `bb_document` [ RunTime:0.0030s ]
SQL: SELECT bb_document.id,bb_document.title FROM `bb_document` join bb_category as C on bb_document.category_id=C.id  WHERE ( C.name="announce" and bb_document.category_id=C.id and bb_document.status=1 ) ORDER BY bb_document.id desc  [ RunTime:0.0000s ]

[ 2015-07-27T20:00:40+08:00 ] 127.0.0.1 /51bb/api/about/announce
INFO: [ app_init ] --START--
INFO: Run Behavior\BuildLiteBehavior [ RunTime:0.000000s ]
INFO: Run Common\Behavior\InitHookBehavior [ RunTime:0.002001s ]
INFO: [ app_init ] --END-- [ RunTime:0.003001s ]
INFO: [ app_begin ] --START--
INFO: Run Behavior\ReadHtmlCacheBehavior [ RunTime:0.001000s ]
INFO: [ app_begin ] --END-- [ RunTime:0.001000s ]
SQL: SHOW COLUMNS FROM `bb_document` [ RunTime:0.8931s ]
SQL: SELECT bb_document.id,bb_document.title FROM `bb_document` join bb_category as C on bb_document.category_id=C.id  WHERE ( C.name="announce" and bb_document.category_id=C.id and bb_document.status=1 ) ORDER BY bb_document.id desc LIMIT 5   [ RunTime:0.0020s ]

[ 2015-07-27T20:00:49+08:00 ] 127.0.0.1 /51bb/api/about/announce
INFO: [ app_init ] --START--
INFO: Run Behavior\BuildLiteBehavior [ RunTime:0.000000s ]
INFO: Run Common\Behavior\InitHookBehavior [ RunTime:0.004000s ]
INFO: [ app_init ] --END-- [ RunTime:0.005000s ]
INFO: [ app_begin ] --START--
INFO: Run Behavior\ReadHtmlCacheBehavior [ RunTime:0.001000s ]
INFO: [ app_begin ] --END-- [ RunTime:0.001000s ]
SQL: SHOW COLUMNS FROM `bb_document` [ RunTime:0.0030s ]
SQL: SELECT bb_document.id,bb_document.title FROM `bb_document` join bb_category as C on bb_document.category_id=C.id  WHERE ( C.name="announce" and bb_document.category_id=C.id and bb_document.status=1 ) ORDER BY bb_document.id desc LIMIT 1   [ RunTime:0.0000s ]

[ 2015-07-27T20:00:54+08:00 ] 127.0.0.1 /51bb/api/about/announce
INFO: [ app_init ] --START--
INFO: Run Behavior\BuildLiteBehavior [ RunTime:0.000000s ]
INFO: Run Common\Behavior\InitHookBehavior [ RunTime:0.003000s ]
INFO: [ app_init ] --END-- [ RunTime:0.004000s ]
INFO: [ app_begin ] --START--
INFO: Run Behavior\ReadHtmlCacheBehavior [ RunTime:0.000000s ]
INFO: [ app_begin ] --END-- [ RunTime:0.001000s ]
SQL: SHOW COLUMNS FROM `bb_document` [ RunTime:0.0030s ]
SQL: SELECT bb_document.id,bb_document.title FROM `bb_document` join bb_category as C on bb_document.category_id=C.id  WHERE ( C.name="announce" and bb_document.category_id=C.id and bb_document.status=1 ) ORDER BY bb_document.id desc LIMIT 5   [ RunTime:0.0000s ]

[ 2015-07-27T20:01:13+08:00 ] 127.0.0.1 /51bb/api/about/announce
INFO: [ app_init ] --START--
INFO: Run Behavior\BuildLiteBehavior [ RunTime:0.000000s ]
INFO: Run Common\Behavior\InitHookBehavior [ RunTime:0.004001s ]
INFO: [ app_init ] --END-- [ RunTime:0.005001s ]
INFO: [ app_begin ] --START--
INFO: Run Behavior\ReadHtmlCacheBehavior [ RunTime:0.000000s ]
INFO: [ app_begin ] --END-- [ RunTime:0.000000s ]
SQL: SHOW COLUMNS FROM `bb_document` [ RunTime:0.0040s ]
SQL: SELECT bb_document.id,bb_document.title FROM `bb_document` join bb_category as C on bb_document.category_id=C.id  WHERE ( C.name="announce" and bb_document.category_id=C.id and bb_document.status=1 ) ORDER BY bb_document.id desc LIMIT 5   [ RunTime:0.0010s ]

[ 2015-07-27T20:01:14+08:00 ] 127.0.0.1 /51bb/api/about/announce
INFO: [ app_init ] --START--
INFO: Run Behavior\BuildLiteBehavior [ RunTime:0.000000s ]
INFO: Run Common\Behavior\InitHookBehavior [ RunTime:0.003000s ]
INFO: [ app_init ] --END-- [ RunTime:0.004000s ]
INFO: [ app_begin ] --START--
INFO: Run Behavior\ReadHtmlCacheBehavior [ RunTime:0.001000s ]
INFO: [ app_begin ] --END-- [ RunTime:0.001000s ]
SQL: SHOW COLUMNS FROM `bb_document` [ RunTime:0.0030s ]
SQL: SELECT bb_document.id,bb_document.title FROM `bb_document` join bb_category as C on bb_document.category_id=C.id  WHERE ( C.name="announce" and bb_document.category_id=C.id and bb_document.status=1 ) ORDER BY bb_document.id desc LIMIT 5   [ RunTime:0.0010s ]

[ 2015-07-27T20:01:14+08:00 ] 127.0.0.1 /51bb/api/about/announce
INFO: [ app_init ] --START--
INFO: Run Behavior\BuildLiteBehavior [ RunTime:0.000000s ]
INFO: Run Common\Behavior\InitHookBehavior [ RunTime:0.004001s ]
INFO: [ app_init ] --END-- [ RunTime:0.005001s ]
INFO: [ app_begin ] --START--
INFO: Run Behavior\ReadHtmlCacheBehavior [ RunTime:0.000000s ]
INFO: [ app_begin ] --END-- [ RunTime:0.000000s ]
SQL: SHOW COLUMNS FROM `bb_document` [ RunTime:0.0030s ]
SQL: SELECT bb_document.id,bb_document.title FROM `bb_document` join bb_category as C on bb_document.category_id=C.id  WHERE ( C.name="announce" and bb_document.category_id=C.id and bb_document.status=1 ) ORDER BY bb_document.id desc LIMIT 5   [ RunTime:0.0000s ]

[ 2015-07-27T20:01:14+08:00 ] 127.0.0.1 /51bb/api/about/announce
INFO: [ app_init ] --START--
INFO: Run Behavior\BuildLiteBehavior [ RunTime:0.000000s ]
INFO: Run Common\Behavior\InitHookBehavior [ RunTime:0.003001s ]
INFO: [ app_init ] --END-- [ RunTime:0.004001s ]
INFO: [ app_begin ] --START--
INFO: Run Behavior\ReadHtmlCacheBehavior [ RunTime:0.001000s ]
INFO: [ app_begin ] --END-- [ RunTime:0.001000s ]
SQL: SHOW COLUMNS FROM `bb_document` [ RunTime:0.0040s ]
SQL: SELECT bb_document.id,bb_document.title FROM `bb_document` join bb_category as C on bb_document.category_id=C.id  WHERE ( C.name="announce" and bb_document.category_id=C.id and bb_document.status=1 ) ORDER BY bb_document.id desc LIMIT 5   [ RunTime:0.0010s ]

[ 2015-07-27T20:01:31+08:00 ] 127.0.0.1 /51bb/api/about/announce
INFO: [ app_init ] --START--
INFO: Run Behavior\BuildLiteBehavior [ RunTime:0.000000s ]
INFO: Run Common\Behavior\InitHookBehavior [ RunTime:0.002000s ]
INFO: [ app_init ] --END-- [ RunTime:0.003000s ]
INFO: [ app_begin ] --START--
INFO: Run Behavior\ReadHtmlCacheBehavior [ RunTime:0.000000s ]
INFO: [ app_begin ] --END-- [ RunTime:0.001000s ]
SQL: SHOW COLUMNS FROM `bb_document` [ RunTime:0.0040s ]
SQL: SELECT bb_document.id,bb_document.title FROM `bb_document` join bb_category as C on bb_document.category_id=C.id  WHERE ( C.name="announce" and bb_document.category_id=C.id and bb_document.status=1 ) ORDER BY bb_document.id desc LIMIT 5   [ RunTime:0.0000s ]

[ 2015-07-27T20:21:27+08:00 ] 127.0.0.1 /51bb/api/about/about
INFO: [ app_init ] --START--
INFO: Run Behavior\BuildLiteBehavior [ RunTime:0.000000s ]
INFO: Run Common\Behavior\InitHookBehavior [ RunTime:0.003000s ]
INFO: [ app_init ] --END-- [ RunTime:0.004000s ]
INFO: [ app_begin ] --START--
INFO: Run Behavior\ReadHtmlCacheBehavior [ RunTime:0.001000s ]
INFO: [ app_begin ] --END-- [ RunTime:0.001000s ]
SQL: SHOW COLUMNS FROM `bb_document` [ RunTime:0.0090s ]
SQL: SELECT bb_document.id,bb_document.title FROM `bb_document` join bb_category as C on bb_document.category_id=C.id  WHERE ( bb_document.category_id=C.id and bb_document.status=1 and bb_document.name="ABOUTWUYOUBANGBAGN" ) ORDER BY bb_document.id desc LIMIT 1   [ RunTime:0.0020s ]

[ 2015-07-27T20:24:36+08:00 ] 127.0.0.1 /51bb/api/about/about
INFO: [ app_init ] --START--
INFO: Run Behavior\BuildLiteBehavior [ RunTime:0.000000s ]
INFO: Run Common\Behavior\InitHookBehavior [ RunTime:0.003000s ]
INFO: [ app_init ] --END-- [ RunTime:0.004000s ]
INFO: [ app_begin ] --START--
INFO: Run Behavior\ReadHtmlCacheBehavior [ RunTime:0.001000s ]
INFO: [ app_begin ] --END-- [ RunTime:0.002000s ]
SQL: SHOW COLUMNS FROM `bb_document` [ RunTime:0.0030s ]
SQL: SELECT bb_document.id,bb_document.title,A.content FROM `bb_document` join `bb_document_article` as A on bb_document.id=A.id  WHERE ( bb_document.status=1 and bb_document.name="ABOUTWUYOUBANGBAGN" ) ORDER BY bb_document.id desc LIMIT 1   [ RunTime:0.0000s ]

[ 2015-07-27T20:25:35+08:00 ] 127.0.0.1 /51bb/api/about/about
INFO: [ app_init ] --START--
INFO: Run Behavior\BuildLiteBehavior [ RunTime:0.000000s ]
INFO: Run Common\Behavior\InitHookBehavior [ RunTime:0.002000s ]
INFO: [ app_init ] --END-- [ RunTime:0.003000s ]
INFO: [ app_begin ] --START--
INFO: Run Behavior\ReadHtmlCacheBehavior [ RunTime:0.001000s ]
INFO: [ app_begin ] --END-- [ RunTime:0.001000s ]
SQL: SHOW COLUMNS FROM `bb_document` [ RunTime:0.0070s ]
SQL: SELECT bb_document.title,A.content FROM `bb_document` join `bb_document_article` as A on bb_document.id=A.id  WHERE ( bb_document.status=1 and bb_document.name="ABOUTWUYOUBANGBAGN" ) ORDER BY bb_document.id desc LIMIT 1   [ RunTime:0.0000s ]

[ 2015-07-27T20:31:19+08:00 ] 127.0.0.1 /51bb/api/about/about
INFO: [ app_init ] --START--
INFO: Run Behavior\BuildLiteBehavior [ RunTime:0.000000s ]
INFO: Run Common\Behavior\InitHookBehavior [ RunTime:0.002000s ]
INFO: [ app_init ] --END-- [ RunTime:0.004000s ]
INFO: [ app_begin ] --START--
INFO: Run Behavior\ReadHtmlCacheBehavior [ RunTime:0.001000s ]
INFO: [ app_begin ] --END-- [ RunTime:0.001000s ]
SQL: SHOW COLUMNS FROM `bb_document` [ RunTime:0.0030s ]
SQL: SELECT bb_document.title,A.content FROM `bb_document` join `bb_document_article` as A on bb_document.id=A.id  WHERE ( bb_document.status=1 and bb_document.name="ABOUTWUYOUBANGBAGN" ) ORDER BY bb_document.id desc LIMIT 1   [ RunTime:0.0000s ]

[ 2015-07-27T20:31:24+08:00 ] 127.0.0.1 /51bb/api/about/about
INFO: [ app_init ] --START--
INFO: Run Behavior\BuildLiteBehavior [ RunTime:0.000000s ]
INFO: Run Common\Behavior\InitHookBehavior [ RunTime:0.003001s ]
INFO: [ app_init ] --END-- [ RunTime:0.005001s ]
INFO: [ app_begin ] --START--
INFO: Run Behavior\ReadHtmlCacheBehavior [ RunTime:0.001000s ]
INFO: [ app_begin ] --END-- [ RunTime:0.001000s ]
SQL: SHOW COLUMNS FROM `bb_document` [ RunTime:0.0030s ]
SQL: SELECT bb_document.title,A.content FROM `bb_document` join `bb_document_article` as A on bb_document.id=A.id  WHERE ( bb_document.status=1 and bb_document.name="ABOUTWUYOUBANGBAGN2" ) ORDER BY bb_document.id desc LIMIT 1   [ RunTime:0.0000s ]

[ 2015-07-27T20:31:28+08:00 ] 127.0.0.1 /51bb/api/about/about
INFO: [ app_init ] --START--
INFO: Run Behavior\BuildLiteBehavior [ RunTime:0.000000s ]
INFO: Run Common\Behavior\InitHookBehavior [ RunTime:0.003001s ]
INFO: [ app_init ] --END-- [ RunTime:0.004001s ]
INFO: [ app_begin ] --START--
INFO: Run Behavior\ReadHtmlCacheBehavior [ RunTime:0.000000s ]
INFO: [ app_begin ] --END-- [ RunTime:0.001000s ]
SQL: SHOW COLUMNS FROM `bb_document` [ RunTime:0.0040s ]
SQL: SELECT bb_document.title,A.content FROM `bb_document` join `bb_document_article` as A on bb_document.id=A.id  WHERE ( bb_document.status=1 and bb_document.name="ABOUTWUYOUBANGBAGN" ) ORDER BY bb_document.id desc LIMIT 1   [ RunTime:0.0000s ]

[ 2015-07-27T20:33:38+08:00 ] 127.0.0.1 /51bb/api/about/about
INFO: [ app_init ] --START--
INFO: Run Behavior\BuildLiteBehavior [ RunTime:0.000000s ]
INFO: Run Common\Behavior\InitHookBehavior [ RunTime:0.002000s ]
INFO: [ app_init ] --END-- [ RunTime:0.003000s ]
INFO: [ app_begin ] --START--
INFO: Run Behavior\ReadHtmlCacheBehavior [ RunTime:0.000000s ]
INFO: [ app_begin ] --END-- [ RunTime:0.001000s ]
SQL: SHOW COLUMNS FROM `bb_document` [ RunTime:0.0040s ]
SQL: SELECT bb_document.title,A.content FROM `bb_document` join `bb_document_article` as A on bb_document.id=A.id  WHERE ( bb_document.status=1 and bb_document.name="ABOUTWUYOUBANGBAGN" ) ORDER BY bb_document.id desc LIMIT 1   [ RunTime:0.0000s ]

[ 2015-07-27T20:33:58+08:00 ] 127.0.0.1 /51bb/api/about/declaration
INFO: [ app_init ] --START--
INFO: Run Behavior\BuildLiteBehavior [ RunTime:0.000000s ]
INFO: Run Common\Behavior\InitHookBehavior [ RunTime:0.004000s ]
INFO: [ app_init ] --END-- [ RunTime:0.004000s ]
INFO: [ app_begin ] --START--
INFO: Run Behavior\ReadHtmlCacheBehavior [ RunTime:0.001001s ]
INFO: [ app_begin ] --END-- [ RunTime:0.001001s ]
SQL: SHOW COLUMNS FROM `bb_document` [ RunTime:0.0040s ]
SQL: SELECT bb_document.title,A.content FROM `bb_document` join `bb_document_article` as A on bb_document.id=A.id  WHERE ( bb_document.status=1 and bb_document.name="WUYOUBANGBANGDECLARE" ) ORDER BY bb_document.id desc LIMIT 1   [ RunTime:0.0000s ]

