[ 2015-07-28T20:04:24+08:00 ] 127.0.0.1 /51bb/api/about/version
INFO: [ app_init ] --START--
INFO: Run Behavior\BuildLiteBehavior [ RunTime:0.000000s ]
SQL: SHOW COLUMNS FROM `bb_hooks` [ RunTime:0.0070s ]
SQL: SELECT `name`,`addons` FROM `bb_hooks`  [ RunTime:0.0010s ]
SQL: SHOW COLUMNS FROM `bb_addons` [ RunTime:0.0190s ]
SQL: SELECT `id`,`name` FROM `bb_addons` WHERE `status` = 1 AND `name` IN ('ReturnTop')  [ RunTime:0.0010s ]
SQL: SELECT `id`,`name` FROM `bb_addons` WHERE `status` = 1 AND `name` IN ('Attachment')  [ RunTime:0.0110s ]
SQL: SELECT `id`,`name` FROM `bb_addons` WHERE `status` = 1 AND `name` IN ('Attachment','SocialComment')  [ RunTime:0.0010s ]
SQL: SELECT `id`,`name` FROM `bb_addons` WHERE `status` = 1 AND `name` IN ('Attachment')  [ RunTime:0.0010s ]
SQL: SELECT `id`,`name` FROM `bb_addons` WHERE `status` = 1 AND `name` IN ('Editor')  [ RunTime:0.0010s ]
SQL: SELECT `id`,`name` FROM `bb_addons` WHERE `status` = 1 AND `name` IN ('EditorForAdmin')  [ RunTime:0.0010s ]
SQL: SELECT `id`,`name` FROM `bb_addons` WHERE `status` = 1 AND `name` IN ('SiteStat','SystemInfo','DevTeam')  [ RunTime:0.0010s ]
SQL: SELECT `id`,`name` FROM `bb_addons` WHERE `status` = 1 AND `name` IN ('Editor')  [ RunTime:0.0010s ]
INFO: Run Common\Behavior\InitHookBehavior [ RunTime:0.106006s ]
INFO: [ app_init ] --END-- [ RunTime:0.108007s ]
INFO: [ app_begin ] --START--
INFO: Run Behavior\ReadHtmlCacheBehavior [ RunTime:0.001000s ]
INFO: [ app_begin ] --END-- [ RunTime:0.001000s ]
ERR: Think\Model:version方法不存在！

[ 2015-07-28T20:05:10+08:00 ] 127.0.0.1 /51bb/api/about/version
INFO: [ app_init ] --START--
INFO: Run Behavior\BuildLiteBehavior [ RunTime:0.000000s ]
INFO: Run Common\Behavior\InitHookBehavior [ RunTime:0.004000s ]
INFO: [ app_init ] --END-- [ RunTime:0.005000s ]
INFO: [ app_begin ] --START--
INFO: Run Behavior\ReadHtmlCacheBehavior [ RunTime:0.000000s ]
INFO: [ app_begin ] --END-- [ RunTime:0.002000s ]
SQL: SHOW COLUMNS FROM `bb_config` [ RunTime:0.0060s ]
SQL: SELECT * FROM `bb_config` WHERE ( name='BB_VERSION' or name='BB_UPDATE_URL' )  [ RunTime:0.0000s ]
NOTIC: [2] Cannot modify header information - headers already sent by (output started at D:\HHH\wamp\www\51bb\Application\Api\Model\AboutModel.class.php:111) D:\HHH\wamp\www\51bb\ThinkPHP\Library\Think\Controller.class.php 第 215 行.

[ 2015-07-28T20:05:32+08:00 ] 127.0.0.1 /51bb/api/about/version
INFO: [ app_init ] --START--
INFO: Run Behavior\BuildLiteBehavior [ RunTime:0.000000s ]
INFO: Run Common\Behavior\InitHookBehavior [ RunTime:0.004000s ]
INFO: [ app_init ] --END-- [ RunTime:0.004000s ]
INFO: [ app_begin ] --START--
INFO: Run Behavior\ReadHtmlCacheBehavior [ RunTime:0.001000s ]
INFO: [ app_begin ] --END-- [ RunTime:0.001000s ]
SQL: SHOW COLUMNS FROM `bb_config` [ RunTime:0.0130s ]
SQL: SELECT * FROM `bb_config` WHERE ( name='BB_VERSION' or name='BB_UPDATE_URL' )  [ RunTime:0.0010s ]

[ 2015-07-28T20:06:06+08:00 ] 127.0.0.1 /51bb/api/about/version
INFO: [ app_init ] --START--
INFO: Run Behavior\BuildLiteBehavior [ RunTime:0.000000s ]
INFO: Run Common\Behavior\InitHookBehavior [ RunTime:0.004000s ]
INFO: [ app_init ] --END-- [ RunTime:0.005000s ]
INFO: [ app_begin ] --START--
INFO: Run Behavior\ReadHtmlCacheBehavior [ RunTime:0.001000s ]
INFO: [ app_begin ] --END-- [ RunTime:0.001000s ]
SQL: SHOW COLUMNS FROM `bb_config` [ RunTime:0.0030s ]
SQL: SELECT `value` FROM `bb_config` WHERE ( name='BB_VERSION' or name='BB_UPDATE_URL' )  [ RunTime:0.0000s ]

[ 2015-07-28T20:10:53+08:00 ] 127.0.0.1 /51bb/api/about/version
INFO: [ app_init ] --START--
INFO: Run Behavior\BuildLiteBehavior [ RunTime:0.000000s ]
INFO: Run Common\Behavior\InitHookBehavior [ RunTime:0.003001s ]
INFO: [ app_init ] --END-- [ RunTime:0.005001s ]
INFO: [ app_begin ] --START--
INFO: Run Behavior\ReadHtmlCacheBehavior [ RunTime:0.001000s ]
INFO: [ app_begin ] --END-- [ RunTime:0.002000s ]

[ 2015-07-28T20:11:02+08:00 ] 127.0.0.1 /51bb/api/about/version
INFO: [ app_init ] --START--
INFO: Run Behavior\BuildLiteBehavior [ RunTime:0.000000s ]
INFO: Run Common\Behavior\InitHookBehavior [ RunTime:0.004001s ]
INFO: [ app_init ] --END-- [ RunTime:0.005001s ]
INFO: [ app_begin ] --START--
INFO: Run Behavior\ReadHtmlCacheBehavior [ RunTime:0.001000s ]
INFO: [ app_begin ] --END-- [ RunTime:0.001000s ]
SQL: SHOW COLUMNS FROM `bb_config` [ RunTime:0.0030s ]
SQL: SELECT `value` FROM `bb_config` WHERE ( name='BB_VERSION' or name='BB_UPDATE_URL' ) ORDER BY sort asc  [ RunTime:0.0000s ]

[ 2015-07-28T20:11:37+08:00 ] 127.0.0.1 /51bb/api/about/version
INFO: [ app_init ] --START--
INFO: Run Behavior\BuildLiteBehavior [ RunTime:0.000000s ]
INFO: Run Common\Behavior\InitHookBehavior [ RunTime:0.005000s ]
INFO: [ app_init ] --END-- [ RunTime:0.007000s ]
INFO: [ app_begin ] --START--
INFO: Run Behavior\ReadHtmlCacheBehavior [ RunTime:0.000000s ]
INFO: [ app_begin ] --END-- [ RunTime:0.000000s ]
SQL: SHOW COLUMNS FROM `bb_config` [ RunTime:0.0040s ]
SQL: SELECT `value` FROM `bb_config` WHERE ( name='BB_VERSION' or name='BB_UPDATE_URL' ) ORDER BY sort asc  [ RunTime:0.0010s ]

[ 2015-07-28T20:11:42+08:00 ] 127.0.0.1 /51bb/api/about/version
INFO: [ app_init ] --START--
INFO: Run Behavior\BuildLiteBehavior [ RunTime:0.000000s ]
INFO: Run Common\Behavior\InitHookBehavior [ RunTime:0.003000s ]
INFO: [ app_init ] --END-- [ RunTime:0.004000s ]
INFO: [ app_begin ] --START--
INFO: Run Behavior\ReadHtmlCacheBehavior [ RunTime:0.001000s ]
INFO: [ app_begin ] --END-- [ RunTime:0.002000s ]
SQL: SHOW COLUMNS FROM `bb_config` [ RunTime:0.0030s ]
SQL: SELECT `value` FROM `bb_config` WHERE ( name='BB_VERSION' or name='BB_UPDATE_URL' ) ORDER BY sort asc  [ RunTime:0.0000s ]

[ 2015-07-28T20:12:34+08:00 ] 127.0.0.1 /51bb/api/about/version
INFO: [ app_init ] --START--
INFO: Run Behavior\BuildLiteBehavior [ RunTime:0.000000s ]
INFO: Run Common\Behavior\InitHookBehavior [ RunTime:0.002000s ]
INFO: [ app_init ] --END-- [ RunTime:0.003000s ]
INFO: [ app_begin ] --START--
INFO: Run Behavior\ReadHtmlCacheBehavior [ RunTime:0.000000s ]
INFO: [ app_begin ] --END-- [ RunTime:0.001000s ]
SQL: SHOW COLUMNS FROM `bb_config` [ RunTime:0.0040s ]
SQL: SELECT `value` FROM `bb_config` WHERE ( name='BB_VERSION' or name='BB_UPDATE_URL' ) ORDER BY sort asc  [ RunTime:0.0000s ]

[ 2015-07-28T20:13:04+08:00 ] 127.0.0.1 /51bb/api/about/version
INFO: [ app_init ] --START--
INFO: Run Behavior\BuildLiteBehavior [ RunTime:0.000000s ]
INFO: Run Common\Behavior\InitHookBehavior [ RunTime:0.004000s ]
INFO: [ app_init ] --END-- [ RunTime:0.005000s ]
INFO: [ app_begin ] --START--
INFO: Run Behavior\ReadHtmlCacheBehavior [ RunTime:0.001000s ]
INFO: [ app_begin ] --END-- [ RunTime:0.001000s ]
SQL: SHOW COLUMNS FROM `bb_config` [ RunTime:0.0030s ]
SQL: SELECT `value` FROM `bb_config` WHERE ( name='BB_VERSION' or name='BB_UPDATE_URL' ) ORDER BY sort asc  [ RunTime:0.0010s ]

[ 2015-07-28T20:29:04+08:00 ] 127.0.0.1 /51bb/api/about/version
INFO: [ app_init ] --START--
INFO: Run Behavior\BuildLiteBehavior [ RunTime:0.000000s ]
INFO: Run Common\Behavior\InitHookBehavior [ RunTime:0.004000s ]
INFO: [ app_init ] --END-- [ RunTime:0.005000s ]
INFO: [ app_begin ] --START--
INFO: Run Behavior\ReadHtmlCacheBehavior [ RunTime:0.001001s ]
INFO: [ app_begin ] --END-- [ RunTime:0.001001s ]
SQL: SHOW COLUMNS FROM `bb_config` [ RunTime:0.0030s ]
SQL: SELECT `value` FROM `bb_config` WHERE ( name='BB_VERSION' or name='BB_UPDATE_URL' ) ORDER BY sort asc  [ RunTime:0.0000s ]

[ 2015-07-28T20:32:07+08:00 ] 127.0.0.1 /51bb/api/about/version
INFO: [ app_init ] --START--
INFO: Run Behavior\BuildLiteBehavior [ RunTime:0.000000s ]
INFO: Run Common\Behavior\InitHookBehavior [ RunTime:0.002000s ]
INFO: [ app_init ] --END-- [ RunTime:0.003000s ]
INFO: [ app_begin ] --START--
INFO: Run Behavior\ReadHtmlCacheBehavior [ RunTime:0.000000s ]
INFO: [ app_begin ] --END-- [ RunTime:0.000000s ]
SQL: SHOW COLUMNS FROM `bb_config` [ RunTime:0.0030s ]
SQL: SELECT `value` FROM `bb_config` WHERE ( name='BB_VERSION' or name='BB_UPDATE_URL' ) ORDER BY sort asc  [ RunTime:0.0000s ]

