[ 2015-07-25T12:39:19+08:00 ] 127.0.0.1 /51bb/api/member/info
INFO: [ app_init ] --START--
INFO: Run Behavior\BuildLiteBehavior [ RunTime:0.000000s ]
INFO: Run Common\Behavior\InitHookBehavior [ RunTime:0.003000s ]
INFO: [ app_init ] --END-- [ RunTime:0.004000s ]
INFO: [ app_begin ] --START--
INFO: Run Behavior\ReadHtmlCacheBehavior [ RunTime:0.001000s ]
INFO: [ app_begin ] --END-- [ RunTime:0.001000s ]
SQL: SHOW COLUMNS FROM `bb_51_user` [ RunTime:0.0020s ]

[ 2015-07-25T12:39:52+08:00 ] 127.0.0.1 /51bb/api/member/info
INFO: [ app_init ] --START--
INFO: Run Behavior\BuildLiteBehavior [ RunTime:0.000000s ]
INFO: Run Common\Behavior\InitHookBehavior [ RunTime:0.002000s ]
INFO: [ app_init ] --END-- [ RunTime:0.003000s ]
INFO: [ app_begin ] --START--
INFO: Run Behavior\ReadHtmlCacheBehavior [ RunTime:0.001000s ]
INFO: [ app_begin ] --END-- [ RunTime:0.001000s ]
SQL: SHOW COLUMNS FROM `bb_51_user` [ RunTime:0.0020s ]
ERR: SQLSTATE[42S22]: Column not found: 1054 Champ '524eb44dfbbcbc3902b965b92e9c8aaa' inconnu dans where clause

[ 2015-07-25T12:40:15+08:00 ] 127.0.0.1 /51bb/api/member/info
INFO: [ app_init ] --START--
INFO: Run Behavior\BuildLiteBehavior [ RunTime:0.000000s ]
INFO: Run Common\Behavior\InitHookBehavior [ RunTime:0.002000s ]
INFO: [ app_init ] --END-- [ RunTime:0.002000s ]
INFO: [ app_begin ] --START--
INFO: Run Behavior\ReadHtmlCacheBehavior [ RunTime:0.001000s ]
INFO: [ app_begin ] --END-- [ RunTime:0.001000s ]
SQL: SHOW COLUMNS FROM `bb_51_user` [ RunTime:0.0030s ]
ERR: SQLSTATE[42S22]: Column not found: 1054 Champ 'U.uid' inconnu dans on clause

[ 2015-07-25T12:40:52+08:00 ] 127.0.0.1 /51bb/api/member/info
INFO: [ app_init ] --START--
INFO: Run Behavior\BuildLiteBehavior [ RunTime:0.000000s ]
INFO: Run Common\Behavior\InitHookBehavior [ RunTime:0.002000s ]
INFO: [ app_init ] --END-- [ RunTime:0.003000s ]
INFO: [ app_begin ] --START--
INFO: Run Behavior\ReadHtmlCacheBehavior [ RunTime:0.001001s ]
INFO: [ app_begin ] --END-- [ RunTime:0.001001s ]
SQL: SHOW COLUMNS FROM `bb_51_user` [ RunTime:0.0020s ]
SQL: SELECT * FROM `bb_51_user` join bb_51_userdata as D on bb_51_user.uid=D.uid  WHERE ( D.userkey='524eb44dfbbcbc3902b965b92e9c8aaa' ) LIMIT 1   [ RunTime:0.0000s ]

[ 2015-07-25T12:41:52+08:00 ] 127.0.0.1 /51bb/api/member/info
INFO: [ app_init ] --START--
INFO: Run Behavior\BuildLiteBehavior [ RunTime:0.000000s ]
INFO: Run Common\Behavior\InitHookBehavior [ RunTime:0.003001s ]
INFO: [ app_init ] --END-- [ RunTime:0.004001s ]
INFO: [ app_begin ] --START--
INFO: Run Behavior\ReadHtmlCacheBehavior [ RunTime:0.001000s ]
INFO: [ app_begin ] --END-- [ RunTime:0.001000s ]
SQL: SHOW COLUMNS FROM `bb_51_user` [ RunTime:0.0030s ]
SQL: SELECT * FROM `bb_51_user` join `bb_51_userdata` as `D` on `bb_51_user`.`uid`=`D`.`uid`  WHERE ( `D`.`userkey`='524eb44dfbbcbc3902b965b92e9c8aaa' ) LIMIT 1   [ RunTime:0.0010s ]

[ 2015-07-25T12:42:37+08:00 ] 127.0.0.1 /51bb/api/member/info
INFO: [ app_init ] --START--
INFO: Run Behavior\BuildLiteBehavior [ RunTime:0.000000s ]
INFO: Run Common\Behavior\InitHookBehavior [ RunTime:0.003000s ]
INFO: [ app_init ] --END-- [ RunTime:0.003000s ]
INFO: [ app_begin ] --START--
INFO: Run Behavior\ReadHtmlCacheBehavior [ RunTime:0.000000s ]
INFO: [ app_begin ] --END-- [ RunTime:0.000000s ]
SQL: SHOW COLUMNS FROM `bb_51_user` [ RunTime:0.0030s ]
NOTIC: [2] Cannot modify header information - headers already sent by (output started at D:\HHH\wamp\www\51bb\Application\Api\Model\MemberModel.class.php:445) D:\HHH\wamp\www\51bb\ThinkPHP\Library\Think\Controller.class.php 第 215 行.

[ 2015-07-25T12:43:34+08:00 ] 127.0.0.1 /51bb/api/member/info
INFO: [ app_init ] --START--
INFO: Run Behavior\BuildLiteBehavior [ RunTime:0.000000s ]
INFO: Run Common\Behavior\InitHookBehavior [ RunTime:0.003000s ]
INFO: [ app_init ] --END-- [ RunTime:0.005001s ]
INFO: [ app_begin ] --START--
INFO: Run Behavior\ReadHtmlCacheBehavior [ RunTime:0.001000s ]
INFO: [ app_begin ] --END-- [ RunTime:0.001000s ]
SQL: SHOW COLUMNS FROM `bb_51_user` [ RunTime:0.0070s ]
SQL: SELECT * FROM `bb_51_user` join `bb_51_userdata` as `D` on `bb_51_user`.`uid`=`D`.`uid`  WHERE ( `D`.`userkey`='524eb44dfbbcbc3902b965b92e9c8aaa' ) LIMIT 1   [ RunTime:0.0010s ]

[ 2015-07-25T13:00:01+08:00 ] 127.0.0.1 /51bb/api/member/getsmscode
INFO: [ app_init ] --START--
INFO: Run Behavior\BuildLiteBehavior [ RunTime:0.000000s ]
INFO: Run Common\Behavior\InitHookBehavior [ RunTime:0.003000s ]
INFO: [ app_init ] --END-- [ RunTime:0.004000s ]
INFO: [ app_begin ] --START--
INFO: Run Behavior\ReadHtmlCacheBehavior [ RunTime:0.001000s ]
INFO: [ app_begin ] --END-- [ RunTime:0.001000s ]
SQL: SHOW COLUMNS FROM `bb_51_smscode` [ RunTime:0.0030s ]
SQL: SELECT * FROM `bb_51_smscode` WHERE ( mobile='15913361892' )  [ RunTime:0.0000s ]
SQL: INSERT INTO `bb_51_smscode` (`mobile`,`count`,`datetime`,`code`) VALUES ('15913361892','1','2015-07-25 13:00:01','507160') [ RunTime:0.0890s ]

[ 2015-07-25T13:00:19+08:00 ] 127.0.0.1 /51bb/api/member/register
INFO: [ app_init ] --START--
INFO: Run Behavior\BuildLiteBehavior [ RunTime:0.000000s ]
INFO: Run Common\Behavior\InitHookBehavior [ RunTime:0.002000s ]
INFO: [ app_init ] --END-- [ RunTime:0.004000s ]
INFO: [ app_begin ] --START--
INFO: Run Behavior\ReadHtmlCacheBehavior [ RunTime:0.001000s ]
INFO: [ app_begin ] --END-- [ RunTime:0.001000s ]
SQL: SHOW COLUMNS FROM `bb_51_smscode` [ RunTime:0.0040s ]
SQL: SELECT * FROM `bb_51_smscode` WHERE ( mobile='15913361892' AND code='507160' )  [ RunTime:0.0010s ]
SQL: UPDATE `bb_51_smscode` SET `datetime`='0000-00-00 00:00:00',`lastaction`='REGISTER',`todo`='REGISTER' WHERE ( mobile='15913361892' AND code='507160' ) [ RunTime:0.0930s ]
SQL: SHOW COLUMNS FROM `bb_51_user` [ RunTime:0.0030s ]
SQL: SELECT * FROM `bb_51_user` WHERE ( mobile='15913361892' )  [ RunTime:0.0000s ]
SQL: INSERT INTO `bb_51_user` (`mobile`,`password`,`score`,`reg_time`,`status`) VALUES ('15913361892','61d401d87241eb2f65d7d46f6d64c2db','5','1437800419','1') [ RunTime:0.0000s ]
SQL: UPDATE `bb_51_smscode` SET `todo`='' WHERE ( mobile=15913361892 ) [ RunTime:0.1480s ]

[ 2015-07-25T13:00:53+08:00 ] 127.0.0.1 /51bb/api/member/getsmscode
INFO: [ app_init ] --START--
INFO: Run Behavior\BuildLiteBehavior [ RunTime:0.000000s ]
INFO: Run Common\Behavior\InitHookBehavior [ RunTime:0.002000s ]
INFO: [ app_init ] --END-- [ RunTime:0.002000s ]
INFO: [ app_begin ] --START--
INFO: Run Behavior\ReadHtmlCacheBehavior [ RunTime:0.002000s ]
INFO: [ app_begin ] --END-- [ RunTime:0.002000s ]
SQL: SHOW COLUMNS FROM `bb_51_smscode` [ RunTime:0.0030s ]
SQL: SELECT * FROM `bb_51_smscode` WHERE ( mobile='15913361892' )  [ RunTime:0.0020s ]
SQL: UPDATE `bb_51_smscode` SET `datetime`='2015-07-25 13:00:53',`code`='311452',`todo`='',`count`='2' WHERE ( mobile = '15913361892' ) [ RunTime:0.0880s ]

[ 2015-07-25T13:01:05+08:00 ] 127.0.0.1 /51bb/api/member/forgot
INFO: [ app_init ] --START--
INFO: Run Behavior\BuildLiteBehavior [ RunTime:0.000000s ]
INFO: Run Common\Behavior\InitHookBehavior [ RunTime:0.002000s ]
INFO: [ app_init ] --END-- [ RunTime:0.003000s ]
INFO: [ app_begin ] --START--
INFO: Run Behavior\ReadHtmlCacheBehavior [ RunTime:0.000000s ]
INFO: [ app_begin ] --END-- [ RunTime:0.000000s ]
SQL: SHOW COLUMNS FROM `bb_51_smscode` [ RunTime:0.0030s ]
SQL: SELECT * FROM `bb_51_smscode` WHERE ( mobile='15913361892' AND code='311452' )  [ RunTime:0.0010s ]
SQL: UPDATE `bb_51_smscode` SET `datetime`='0000-00-00 00:00:00',`lastaction`='RESET',`todo`='RESET' WHERE ( mobile='15913361892' AND code='311452' ) [ RunTime:0.0990s ]
SQL: SHOW COLUMNS FROM `bb_51_user` [ RunTime:0.0020s ]
SQL: SELECT COUNT(*) AS tp_count FROM `bb_51_user` WHERE ( mobile='15913361892' ) LIMIT 1   [ RunTime:0.0000s ]

[ 2015-07-25T13:01:20+08:00 ] 127.0.0.1 /51bb/api/member/reset
INFO: [ app_init ] --START--
INFO: Run Behavior\BuildLiteBehavior [ RunTime:0.000000s ]
INFO: Run Common\Behavior\InitHookBehavior [ RunTime:0.003001s ]
INFO: [ app_init ] --END-- [ RunTime:0.004001s ]
INFO: [ app_begin ] --START--
INFO: Run Behavior\ReadHtmlCacheBehavior [ RunTime:0.001000s ]
INFO: [ app_begin ] --END-- [ RunTime:0.001000s ]
SQL: SHOW COLUMNS FROM `bb_51_user` [ RunTime:0.0030s ]
SQL: SHOW COLUMNS FROM `bb_51_smscode` [ RunTime:0.0020s ]
SQL: SELECT * FROM `bb_51_smscode` WHERE ( mobile='15913361892' )  [ RunTime:0.0000s ]
SQL: SELECT * FROM `bb_51_user` WHERE ( mobile='15913361892' )  [ RunTime:0.0000s ]
SQL: SHOW COLUMNS FROM `bb_51_userdata` [ RunTime:0.0040s ]
SQL: UPDATE `bb_51_userdata` SET `userkey`='' WHERE ( uid='1' ) [ RunTime:0.0320s ]
SQL: UPDATE `bb_51_user` SET `password`='d93a5def7511da3d0f2d171d9c344e91',`login_status`='0' WHERE ( mobile='15913361892' ) [ RunTime:0.0000s ]
SQL: UPDATE `bb_51_smscode` SET `todo`='' WHERE ( mobile='15913361892' ) [ RunTime:0.0670s ]

[ 2015-07-25T13:01:30+08:00 ] 127.0.0.1 /51bb/api/member/login
INFO: [ app_init ] --START--
INFO: Run Behavior\BuildLiteBehavior [ RunTime:0.000000s ]
INFO: Run Common\Behavior\InitHookBehavior [ RunTime:0.004001s ]
INFO: [ app_init ] --END-- [ RunTime:0.005001s ]
INFO: [ app_begin ] --START--
INFO: Run Behavior\ReadHtmlCacheBehavior [ RunTime:0.001000s ]
INFO: [ app_begin ] --END-- [ RunTime:0.001000s ]
SQL: SHOW COLUMNS FROM `bb_51_user` [ RunTime:0.0020s ]
SQL: SELECT * FROM `bb_51_user` WHERE ( mobile = '15913361892' AND password = 'd93a5def7511da3d0f2d171d9c344e91' ) LIMIT 1   [ RunTime:0.0000s ]
SQL: UPDATE `bb_51_user` SET `last_login_time`='1437800490',`last_login_ip`='127.0.0.1',`login_status`='1' WHERE ( mobile = '15913361892' AND password = 'd93a5def7511da3d0f2d171d9c344e91' ) [ RunTime:0.0010s ]
SQL: SHOW COLUMNS FROM `bb_51_userdata` [ RunTime:0.0030s ]
SQL: INSERT INTO `bb_51_userdata` (`userkey`) VALUES ('6b9ff9767c134373a78f78e639320f18') [ RunTime:0.1150s ]
NOTIC: [8] Undefined variable: key D:\HHH\wamp\www\51bb\Application\Api\Model\MemberModel.class.php 第 191 行.

[ 2015-07-25T13:01:55+08:00 ] 127.0.0.1 /51bb/api/member/exist
INFO: [ app_init ] --START--
INFO: Run Behavior\BuildLiteBehavior [ RunTime:0.000000s ]
INFO: Run Common\Behavior\InitHookBehavior [ RunTime:0.002000s ]
INFO: [ app_init ] --END-- [ RunTime:0.003000s ]
INFO: [ app_begin ] --START--
INFO: Run Behavior\ReadHtmlCacheBehavior [ RunTime:0.001001s ]
INFO: [ app_begin ] --END-- [ RunTime:0.001001s ]
SQL: SHOW COLUMNS FROM `bb_51_user` [ RunTime:0.0020s ]
SQL: SELECT COUNT(*) AS tp_count FROM `bb_51_user` WHERE ( mobile='15913361892' ) LIMIT 1   [ RunTime:0.0000s ]

[ 2015-07-25T13:02:01+08:00 ] 127.0.0.1 /51bb/api/member/info
INFO: [ app_init ] --START--
INFO: Run Behavior\BuildLiteBehavior [ RunTime:0.000000s ]
INFO: Run Common\Behavior\InitHookBehavior [ RunTime:0.003000s ]
INFO: [ app_init ] --END-- [ RunTime:0.003000s ]
INFO: [ app_begin ] --START--
INFO: Run Behavior\ReadHtmlCacheBehavior [ RunTime:0.001000s ]
INFO: [ app_begin ] --END-- [ RunTime:0.001000s ]

[ 2015-07-25T13:02:19+08:00 ] 127.0.0.1 /51bb/api/member/info
INFO: [ app_init ] --START--
INFO: Run Behavior\BuildLiteBehavior [ RunTime:0.000000s ]
INFO: Run Common\Behavior\InitHookBehavior [ RunTime:0.004001s ]
INFO: [ app_init ] --END-- [ RunTime:0.005001s ]
INFO: [ app_begin ] --START--
INFO: Run Behavior\ReadHtmlCacheBehavior [ RunTime:0.001000s ]
INFO: [ app_begin ] --END-- [ RunTime:0.001000s ]
SQL: SHOW COLUMNS FROM `bb_51_user` [ RunTime:0.0030s ]
SQL: SELECT * FROM `bb_51_user` join `bb_51_userdata` as `D` on `bb_51_user`.`uid`=`D`.`uid`  WHERE ( `D`.`userkey`='524eb44dfbbcbc3902b965b92e9c8aaa' ) LIMIT 1   [ RunTime:0.0010s ]

[ 2015-07-25T13:02:32+08:00 ] 127.0.0.1 /51bb/api/member/info
INFO: [ app_init ] --START--
INFO: Run Behavior\BuildLiteBehavior [ RunTime:0.000000s ]
INFO: Run Common\Behavior\InitHookBehavior [ RunTime:0.003001s ]
INFO: [ app_init ] --END-- [ RunTime:0.003001s ]
INFO: [ app_begin ] --START--
INFO: Run Behavior\ReadHtmlCacheBehavior [ RunTime:0.001000s ]
INFO: [ app_begin ] --END-- [ RunTime:0.001000s ]
SQL: SHOW COLUMNS FROM `bb_51_user` [ RunTime:0.0030s ]
SQL: SELECT * FROM `bb_51_user` join `bb_51_userdata` as `D` on `bb_51_user`.`uid`=`D`.`uid`  WHERE ( `D`.`userkey`='6b9ff9767c134373a78f78e639320f18' ) LIMIT 1   [ RunTime:0.0010s ]

[ 2015-07-25T13:02:33+08:00 ] 127.0.0.1 /51bb/api/member/info
INFO: [ app_init ] --START--
INFO: Run Behavior\BuildLiteBehavior [ RunTime:0.000000s ]
INFO: Run Common\Behavior\InitHookBehavior [ RunTime:0.003000s ]
INFO: [ app_init ] --END-- [ RunTime:0.005000s ]
INFO: [ app_begin ] --START--
INFO: Run Behavior\ReadHtmlCacheBehavior [ RunTime:0.001001s ]
INFO: [ app_begin ] --END-- [ RunTime:0.001001s ]
SQL: SHOW COLUMNS FROM `bb_51_user` [ RunTime:0.0030s ]
SQL: SELECT * FROM `bb_51_user` join `bb_51_userdata` as `D` on `bb_51_user`.`uid`=`D`.`uid`  WHERE ( `D`.`userkey`='6b9ff9767c134373a78f78e639320f18' ) LIMIT 1   [ RunTime:0.0010s ]

[ 2015-07-25T13:02:33+08:00 ] 127.0.0.1 /51bb/api/member/info
INFO: [ app_init ] --START--
INFO: Run Behavior\BuildLiteBehavior [ RunTime:0.000000s ]
INFO: Run Common\Behavior\InitHookBehavior [ RunTime:0.004000s ]
INFO: [ app_init ] --END-- [ RunTime:0.005000s ]
INFO: [ app_begin ] --START--
INFO: Run Behavior\ReadHtmlCacheBehavior [ RunTime:0.001000s ]
INFO: [ app_begin ] --END-- [ RunTime:0.001000s ]
SQL: SHOW COLUMNS FROM `bb_51_user` [ RunTime:0.0050s ]
SQL: SELECT * FROM `bb_51_user` join `bb_51_userdata` as `D` on `bb_51_user`.`uid`=`D`.`uid`  WHERE ( `D`.`userkey`='6b9ff9767c134373a78f78e639320f18' ) LIMIT 1   [ RunTime:0.0010s ]

[ 2015-07-25T13:02:34+08:00 ] 127.0.0.1 /51bb/api/member/info
INFO: [ app_init ] --START--
INFO: Run Behavior\BuildLiteBehavior [ RunTime:0.000000s ]
INFO: Run Common\Behavior\InitHookBehavior [ RunTime:0.002000s ]
INFO: [ app_init ] --END-- [ RunTime:0.003000s ]
INFO: [ app_begin ] --START--
INFO: Run Behavior\ReadHtmlCacheBehavior [ RunTime:0.001000s ]
INFO: [ app_begin ] --END-- [ RunTime:0.001000s ]
SQL: SHOW COLUMNS FROM `bb_51_user` [ RunTime:0.0020s ]
SQL: SELECT * FROM `bb_51_user` join `bb_51_userdata` as `D` on `bb_51_user`.`uid`=`D`.`uid`  WHERE ( `D`.`userkey`='6b9ff9767c134373a78f78e639320f18' ) LIMIT 1   [ RunTime:0.0000s ]

[ 2015-07-25T13:02:48+08:00 ] 127.0.0.1 /51bb/api/member/info
INFO: [ app_init ] --START--
INFO: Run Behavior\BuildLiteBehavior [ RunTime:0.000000s ]
INFO: Run Common\Behavior\InitHookBehavior [ RunTime:0.003001s ]
INFO: [ app_init ] --END-- [ RunTime:0.003001s ]
INFO: [ app_begin ] --START--
INFO: Run Behavior\ReadHtmlCacheBehavior [ RunTime:0.001000s ]
INFO: [ app_begin ] --END-- [ RunTime:0.001000s ]
SQL: SHOW COLUMNS FROM `bb_51_user` [ RunTime:0.0030s ]
SQL: SELECT * FROM `bb_51_user` join `bb_51_userdata` as `D` on `bb_51_user`.`uid`=`D`.`uid`  WHERE ( `D`.`userkey`='6b9ff9767c134373a78f78e639320f18' ) LIMIT 1   [ RunTime:0.0000s ]

[ 2015-07-25T13:03:43+08:00 ] 127.0.0.1 /51bb/api/member/info
INFO: [ app_init ] --START--
INFO: Run Behavior\BuildLiteBehavior [ RunTime:0.000000s ]
INFO: Run Common\Behavior\InitHookBehavior [ RunTime:0.002000s ]
INFO: [ app_init ] --END-- [ RunTime:0.004000s ]
INFO: [ app_begin ] --START--
INFO: Run Behavior\ReadHtmlCacheBehavior [ RunTime:0.000000s ]
INFO: [ app_begin ] --END-- [ RunTime:0.001000s ]
SQL: SHOW COLUMNS FROM `bb_51_user` [ RunTime:0.0020s ]
SQL: SELECT * FROM `bb_51_user` join `bb_51_userdata` as `D` on `bb_51_user`.`uid`=`D`.`uid`  WHERE ( `D`.`userkey`='6b9ff9767c134373a78f78e639320f18' ) LIMIT 1   [ RunTime:0.0010s ]

[ 2015-07-25T13:04:28+08:00 ] 127.0.0.1 /51bb/api/member/info
INFO: [ app_init ] --START--
INFO: Run Behavior\BuildLiteBehavior [ RunTime:0.000000s ]
INFO: Run Common\Behavior\InitHookBehavior [ RunTime:0.002000s ]
INFO: [ app_init ] --END-- [ RunTime:0.002000s ]
INFO: [ app_begin ] --START--
INFO: Run Behavior\ReadHtmlCacheBehavior [ RunTime:0.001000s ]
INFO: [ app_begin ] --END-- [ RunTime:0.001000s ]
SQL: SHOW COLUMNS FROM `bb_51_user` [ RunTime:0.0040s ]
SQL: SELECT * FROM `bb_51_user` join `bb_51_userdata` as `D` on `bb_51_user`.`uid`=`D`.`uid`  WHERE ( `D`.`userkey`='6b9ff9767c134373a78f78e639320f18' ) LIMIT 1   [ RunTime:0.0010s ]

[ 2015-07-25T13:05:13+08:00 ] 127.0.0.1 /51bb/api/member/info
INFO: [ app_init ] --START--
INFO: Run Behavior\BuildLiteBehavior [ RunTime:0.000000s ]
INFO: Run Common\Behavior\InitHookBehavior [ RunTime:0.004001s ]
INFO: [ app_init ] --END-- [ RunTime:0.005001s ]
INFO: [ app_begin ] --START--
INFO: Run Behavior\ReadHtmlCacheBehavior [ RunTime:0.001000s ]
INFO: [ app_begin ] --END-- [ RunTime:0.001000s ]
SQL: SHOW COLUMNS FROM `bb_51_user` [ RunTime:0.0020s ]
SQL: SELECT * FROM `bb_51_user` join `bb_51_userdata` as `D` on `bb_51_user`.`uid`=`D`.`uid`  WHERE ( `D`.`userkey`='6b9ff9767c134373a78f78e639320f18' ) LIMIT 1   [ RunTime:0.0010s ]

[ 2015-07-25T13:05:44+08:00 ] 127.0.0.1 /51bb/api/member/info
INFO: [ app_init ] --START--
INFO: Run Behavior\BuildLiteBehavior [ RunTime:0.000000s ]
INFO: Run Common\Behavior\InitHookBehavior [ RunTime:0.003000s ]
INFO: [ app_init ] --END-- [ RunTime:0.004001s ]
INFO: [ app_begin ] --START--
INFO: Run Behavior\ReadHtmlCacheBehavior [ RunTime:0.001000s ]
INFO: [ app_begin ] --END-- [ RunTime:0.001000s ]
SQL: SHOW COLUMNS FROM `bb_51_user` [ RunTime:0.0030s ]
SQL: SELECT * FROM `bb_51_user` join `bb_51_userdata` as `D` on `bb_51_user`.`uid`=`D`.`uid`  WHERE ( `D`.`userkey`='6b9ff9767c134373a78f78e639320f18' ) LIMIT 1   [ RunTime:0.0000s ]

[ 2015-07-25T13:06:21+08:00 ] 127.0.0.1 /51bb/api/member/info
INFO: [ app_init ] --START--
INFO: Run Behavior\BuildLiteBehavior [ RunTime:0.000000s ]
INFO: Run Common\Behavior\InitHookBehavior [ RunTime:0.003001s ]
INFO: [ app_init ] --END-- [ RunTime:0.004001s ]
INFO: [ app_begin ] --START--
INFO: Run Behavior\ReadHtmlCacheBehavior [ RunTime:0.001000s ]
INFO: [ app_begin ] --END-- [ RunTime:0.001000s ]
SQL: SHOW COLUMNS FROM `bb_51_user` [ RunTime:0.0030s ]
ERR: SQLSTATE[42S22]: Column not found: 1054 Champ 'bb_51_user.uid' inconnu dans on clause

[ 2015-07-25T13:06:36+08:00 ] 127.0.0.1 /51bb/api/member/info
INFO: [ app_init ] --START--
INFO: Run Behavior\BuildLiteBehavior [ RunTime:0.000000s ]
INFO: Run Common\Behavior\InitHookBehavior [ RunTime:0.003000s ]
INFO: [ app_init ] --END-- [ RunTime:0.003000s ]
INFO: [ app_begin ] --START--
INFO: Run Behavior\ReadHtmlCacheBehavior [ RunTime:0.000000s ]
INFO: [ app_begin ] --END-- [ RunTime:0.001000s ]
SQL: SHOW COLUMNS FROM `bb_51_user` [ RunTime:0.0030s ]
SQL: SELECT * FROM `bb_51_user` join `bb_51_userdata` as `D` on `bb_51_user`.`uid`=`D`.`uid`  WHERE ( `D`.`userkey`='6b9ff9767c134373a78f78e639320f18' ) LIMIT 1   [ RunTime:0.0000s ]

[ 2015-07-25T13:07:15+08:00 ] 127.0.0.1 /51bb/api/member/info
INFO: [ app_init ] --START--
INFO: Run Behavior\BuildLiteBehavior [ RunTime:0.000000s ]
INFO: Run Common\Behavior\InitHookBehavior [ RunTime:0.003000s ]
INFO: [ app_init ] --END-- [ RunTime:0.004000s ]
INFO: [ app_begin ] --START--
INFO: Run Behavior\ReadHtmlCacheBehavior [ RunTime:0.002000s ]
INFO: [ app_begin ] --END-- [ RunTime:0.002000s ]
SQL: SHOW COLUMNS FROM `bb_51_user` [ RunTime:0.0030s ]
SQL: SELECT * FROM `bb_51_user` join `bb_51_userdata` as `D` on `bb_51_user`.`uid`=`D`.`uid`  WHERE ( `D`.`userkey`='6b9ff9767c134373a78f78e639320f18' ) LIMIT 1   [ RunTime:0.0000s ]

[ 2015-07-25T13:15:43+08:00 ] 127.0.0.1 /51bb/api/member/info
INFO: [ app_init ] --START--
INFO: Run Behavior\BuildLiteBehavior [ RunTime:0.000000s ]
INFO: Run Common\Behavior\InitHookBehavior [ RunTime:0.003001s ]
INFO: [ app_init ] --END-- [ RunTime:0.003001s ]
INFO: [ app_begin ] --START--
INFO: Run Behavior\ReadHtmlCacheBehavior [ RunTime:0.001000s ]
INFO: [ app_begin ] --END-- [ RunTime:0.001000s ]
SQL: SHOW COLUMNS FROM `bb_51_user` [ RunTime:0.0030s ]
SQL: SELECT * FROM `bb_51_user` join `bb_51_userdata` as `D` on `bb_51_user`.`uid`=`D`.`uid`  WHERE ( `D`.`userkey`='6b9ff9767c134373a78f78e639320f18' ) LIMIT 1   [ RunTime:0.0010s ]
NOTIC: [2] Cannot modify header information - headers already sent by (output started at D:\HHH\wamp\www\51bb\Application\Api\Model\MemberModel.class.php:288) D:\HHH\wamp\www\51bb\ThinkPHP\Library\Think\Controller.class.php 第 215 行.

[ 2015-07-25T13:28:46+08:00 ] 127.0.0.1 /51bb/api/member/getsmscode
INFO: [ app_init ] --START--
INFO: Run Behavior\BuildLiteBehavior [ RunTime:0.000000s ]
INFO: Run Common\Behavior\InitHookBehavior [ RunTime:0.002000s ]
INFO: [ app_init ] --END-- [ RunTime:0.003000s ]
INFO: [ app_begin ] --START--
INFO: Run Behavior\ReadHtmlCacheBehavior [ RunTime:0.000000s ]
INFO: [ app_begin ] --END-- [ RunTime:0.001001s ]
SQL: SHOW COLUMNS FROM `bb_51_smscode` [ RunTime:0.0020s ]
SQL: SELECT * FROM `bb_51_smscode` WHERE ( mobile='15913361892' )  [ RunTime:0.0010s ]
SQL: UPDATE `bb_51_smscode` SET `datetime`='2015-07-25 13:28:46',`code`='321339',`todo`='',`count`='3' WHERE ( mobile = '15913361892' ) [ RunTime:0.0950s ]

[ 2015-07-25T13:29:03+08:00 ] 127.0.0.1 /51bb/api/member/register
INFO: [ app_init ] --START--
INFO: Run Behavior\BuildLiteBehavior [ RunTime:0.001000s ]
INFO: Run Common\Behavior\InitHookBehavior [ RunTime:0.004001s ]
INFO: [ app_init ] --END-- [ RunTime:0.005001s ]
INFO: [ app_begin ] --START--
INFO: Run Behavior\ReadHtmlCacheBehavior [ RunTime:0.001000s ]
INFO: [ app_begin ] --END-- [ RunTime:0.001000s ]
SQL: SHOW COLUMNS FROM `bb_51_smscode` [ RunTime:0.0030s ]
SQL: SELECT * FROM `bb_51_smscode` WHERE ( mobile='15913361892' AND code='321339' )  [ RunTime:0.0010s ]
SQL: UPDATE `bb_51_smscode` SET `datetime`='0000-00-00 00:00:00',`lastaction`='REGISTER',`todo`='REGISTER' WHERE ( mobile='15913361892' AND code='321339' ) [ RunTime:0.0850s ]
SQL: SHOW COLUMNS FROM `bb_51_user` [ RunTime:0.0060s ]
SQL: SELECT * FROM `bb_51_user` WHERE ( mobile='15913361892' )  [ RunTime:0.0010s ]
SQL: INSERT INTO `bb_51_user` (`mobile`,`password`,`score`,`reg_time`,`status`) VALUES ('15913361892','d93a5def7511da3d0f2d171d9c344e91','5','1437802143','1') [ RunTime:0.0010s ]
SQL: UPDATE `bb_51_smscode` SET `todo`='' WHERE ( mobile=15913361892 ) [ RunTime:0.0520s ]
SQL: SHOW COLUMNS FROM `bb_51_userdata` [ RunTime:0.0030s ]
SQL: INSERT INTO `bb_51_userdata` (`uid`) VALUES ('2') [ RunTime:0.0640s ]

[ 2015-07-25T13:32:39+08:00 ] 127.0.0.1 /51bb/api/member/login
INFO: [ app_init ] --START--
INFO: Run Behavior\BuildLiteBehavior [ RunTime:0.000000s ]
INFO: Run Common\Behavior\InitHookBehavior [ RunTime:0.003000s ]
INFO: [ app_init ] --END-- [ RunTime:0.004000s ]
INFO: [ app_begin ] --START--
INFO: Run Behavior\ReadHtmlCacheBehavior [ RunTime:0.000000s ]
INFO: [ app_begin ] --END-- [ RunTime:0.000000s ]
SQL: SHOW COLUMNS FROM `bb_51_user` [ RunTime:0.0040s ]
SQL: SELECT * FROM `bb_51_user` WHERE ( mobile = '15913361892' AND password = 'd93a5def7511da3d0f2d171d9c344e91' ) LIMIT 1   [ RunTime:0.0010s ]
SQL: UPDATE `bb_51_user` SET `last_login_time`='1437802359',`last_login_ip`='127.0.0.1',`login_status`='1' WHERE ( mobile = '15913361892' AND password = 'd93a5def7511da3d0f2d171d9c344e91' ) [ RunTime:0.0010s ]
SQL: SHOW COLUMNS FROM `bb_51_userdata` [ RunTime:0.0020s ]
SQL: UPDATE `bb_51_userdata` SET `userkey`='ac465129a993ca804119c84b0e35c680' WHERE ( uid='2' ) [ RunTime:0.1250s ]
NOTIC: [8] Undefined variable: key D:\HHH\wamp\www\51bb\Application\Api\Model\MemberModel.class.php 第 193 行.

[ 2015-07-25T13:33:38+08:00 ] 127.0.0.1 /51bb/api/member/getsmscode
INFO: [ app_init ] --START--
INFO: Run Behavior\BuildLiteBehavior [ RunTime:0.000000s ]
INFO: Run Common\Behavior\InitHookBehavior [ RunTime:0.002000s ]
INFO: [ app_init ] --END-- [ RunTime:0.003000s ]
INFO: [ app_begin ] --START--
INFO: Run Behavior\ReadHtmlCacheBehavior [ RunTime:0.000000s ]
INFO: [ app_begin ] --END-- [ RunTime:0.000000s ]
SQL: SHOW COLUMNS FROM `bb_51_smscode` [ RunTime:0.0030s ]
SQL: SELECT * FROM `bb_51_smscode` WHERE ( mobile='15913361893' )  [ RunTime:0.0010s ]
SQL: INSERT INTO `bb_51_smscode` (`mobile`,`count`,`datetime`,`code`) VALUES ('15913361893','1','2015-07-25 13:33:38','193405') [ RunTime:0.0880s ]

[ 2015-07-25T13:33:50+08:00 ] 127.0.0.1 /51bb/api/member/register
INFO: [ app_init ] --START--
INFO: Run Behavior\BuildLiteBehavior [ RunTime:0.000000s ]
INFO: Run Common\Behavior\InitHookBehavior [ RunTime:0.003000s ]
INFO: [ app_init ] --END-- [ RunTime:0.005000s ]
INFO: [ app_begin ] --START--
INFO: Run Behavior\ReadHtmlCacheBehavior [ RunTime:0.002000s ]
INFO: [ app_begin ] --END-- [ RunTime:0.002000s ]
SQL: SHOW COLUMNS FROM `bb_51_smscode` [ RunTime:0.0020s ]
SQL: SELECT * FROM `bb_51_smscode` WHERE ( mobile='15913361893' AND code='193405' )  [ RunTime:0.0000s ]
SQL: UPDATE `bb_51_smscode` SET `datetime`='0000-00-00 00:00:00',`lastaction`='REGISTER',`todo`='REGISTER' WHERE ( mobile='15913361893' AND code='193405' ) [ RunTime:0.0850s ]
SQL: SHOW COLUMNS FROM `bb_51_user` [ RunTime:0.0020s ]
SQL: SELECT * FROM `bb_51_user` WHERE ( mobile='15913361893' )  [ RunTime:0.0000s ]
SQL: INSERT INTO `bb_51_user` (`mobile`,`password`,`score`,`reg_time`,`status`) VALUES ('15913361893','d93a5def7511da3d0f2d171d9c344e91','5','1437802430','1') [ RunTime:0.0130s ]
SQL: UPDATE `bb_51_smscode` SET `todo`='' WHERE ( mobile=15913361893 ) [ RunTime:0.0780s ]
SQL: SHOW COLUMNS FROM `bb_51_userdata` [ RunTime:0.0020s ]
SQL: INSERT INTO `bb_51_userdata` (`uid`) VALUES ('3') [ RunTime:0.0450s ]

[ 2015-07-25T13:34:40+08:00 ] 127.0.0.1 /51bb/api/member/login
INFO: [ app_init ] --START--
INFO: Run Behavior\BuildLiteBehavior [ RunTime:0.000000s ]
INFO: Run Common\Behavior\InitHookBehavior [ RunTime:0.004000s ]
INFO: [ app_init ] --END-- [ RunTime:0.005000s ]
INFO: [ app_begin ] --START--
INFO: Run Behavior\ReadHtmlCacheBehavior [ RunTime:0.000000s ]
INFO: [ app_begin ] --END-- [ RunTime:0.001000s ]
SQL: SHOW COLUMNS FROM `bb_51_user` [ RunTime:0.0060s ]
SQL: SELECT * FROM `bb_51_user` WHERE ( mobile = '15913361893' AND password = 'd93a5def7511da3d0f2d171d9c344e91' ) LIMIT 1   [ RunTime:0.0010s ]
SQL: UPDATE `bb_51_user` SET `last_login_time`='1437802480',`last_login_ip`='127.0.0.1',`login_status`='1' WHERE ( mobile = '15913361893' AND password = 'd93a5def7511da3d0f2d171d9c344e91' ) [ RunTime:0.0000s ]
SQL: SHOW COLUMNS FROM `bb_51_userdata` [ RunTime:0.0020s ]
SQL: UPDATE `bb_51_userdata` SET `userkey`='65d71a3199f0bdeac76ce0239abf047b' WHERE ( uid='3' ) [ RunTime:0.0770s ]
NOTIC: [8] Undefined variable: key D:\HHH\wamp\www\51bb\Application\Api\Model\MemberModel.class.php 第 193 行.

[ 2015-07-25T13:36:08+08:00 ] 127.0.0.1 /51bb/api/member/login
INFO: [ app_init ] --START--
INFO: Run Behavior\BuildLiteBehavior [ RunTime:0.001000s ]
INFO: Run Common\Behavior\InitHookBehavior [ RunTime:0.003001s ]
INFO: [ app_init ] --END-- [ RunTime:0.004001s ]
INFO: [ app_begin ] --START--
INFO: Run Behavior\ReadHtmlCacheBehavior [ RunTime:0.001000s ]
INFO: [ app_begin ] --END-- [ RunTime:0.002000s ]
SQL: SHOW COLUMNS FROM `bb_51_user` [ RunTime:0.0030s ]
SQL: SELECT * FROM `bb_51_user` WHERE ( mobile = '15913361893' AND password = 'd93a5def7511da3d0f2d171d9c344e91' ) LIMIT 1   [ RunTime:0.0010s ]
SQL: UPDATE `bb_51_user` SET `last_login_time`='1437802568',`last_login_ip`='127.0.0.1',`login_status`='1' WHERE ( mobile = '15913361893' AND password = 'd93a5def7511da3d0f2d171d9c344e91' ) [ RunTime:0.0010s ]
SQL: SHOW COLUMNS FROM `bb_51_userdata` [ RunTime:0.0030s ]
SQL: UPDATE `bb_51_userdata` SET `userkey`='aa5394b4d068a1bc69beb54fcb2b6942' WHERE ( uid='3' ) [ RunTime:0.0560s ]

[ 2015-07-25T13:36:40+08:00 ] 127.0.0.1 /51bb/api/member/info
INFO: [ app_init ] --START--
INFO: Run Behavior\BuildLiteBehavior [ RunTime:0.000000s ]
INFO: Run Common\Behavior\InitHookBehavior [ RunTime:0.004000s ]
INFO: [ app_init ] --END-- [ RunTime:0.006000s ]
INFO: [ app_begin ] --START--
INFO: Run Behavior\ReadHtmlCacheBehavior [ RunTime:0.001001s ]
INFO: [ app_begin ] --END-- [ RunTime:0.001001s ]
SQL: SHOW COLUMNS FROM `bb_51_user` [ RunTime:0.0030s ]
SQL: SELECT * FROM `bb_51_user` join `bb_51_userdata` as `D` on `bb_51_user`.`uid`=`D`.`uid`  WHERE ( `D`.`userkey`='6b9ff9767c134373a78f78e639320f18' AND `bb_51_user`.`login_status`='1' ) LIMIT 1   [ RunTime:0.0010s ]

[ 2015-07-25T13:37:16+08:00 ] 127.0.0.1 /51bb/api/member/info
INFO: [ app_init ] --START--
INFO: Run Behavior\BuildLiteBehavior [ RunTime:0.000000s ]
INFO: Run Common\Behavior\InitHookBehavior [ RunTime:0.004000s ]
INFO: [ app_init ] --END-- [ RunTime:0.005000s ]
INFO: [ app_begin ] --START--
INFO: Run Behavior\ReadHtmlCacheBehavior [ RunTime:0.000000s ]
INFO: [ app_begin ] --END-- [ RunTime:0.000000s ]
SQL: SHOW COLUMNS FROM `bb_51_user` [ RunTime:0.0020s ]
SQL: SELECT * FROM `bb_51_user` join `bb_51_userdata` as `D` on `bb_51_user`.`uid`=`D`.`uid`  WHERE ( `D`.`userkey`='ac465129a993ca804119c84b0e35c680' AND `bb_51_user`.`login_status`='1' ) LIMIT 1   [ RunTime:0.0000s ]

[ 2015-07-25T13:37:36+08:00 ] 127.0.0.1 /51bb/api/member/update
INFO: [ app_init ] --START--
INFO: Run Behavior\BuildLiteBehavior [ RunTime:0.000000s ]
INFO: Run Common\Behavior\InitHookBehavior [ RunTime:0.003000s ]
INFO: [ app_init ] --END-- [ RunTime:0.004001s ]
INFO: [ app_begin ] --START--
INFO: Run Behavior\ReadHtmlCacheBehavior [ RunTime:0.001000s ]
INFO: [ app_begin ] --END-- [ RunTime:0.001000s ]
SQL: SHOW COLUMNS FROM `bb_51_user` [ RunTime:0.0020s ]
SQL: SELECT COUNT(*) AS tp_count FROM `bb_51_user` join `bb_51_userdata` as `D` on `bb_51_user`.`uid`=`D`.`uid`  WHERE ( `D`.`userkey`='ac465129a993ca804119c84b0e35c680' AND `bb_51_user`.`login_status`='1' ) LIMIT 1   [ RunTime:0.0000s ]
ERR: SQLSTATE[42S22]: Column not found: 1054 Champ 'userkey' inconnu dans where clause

[ 2015-07-25T13:41:46+08:00 ] 127.0.0.1 /51bb/api/member/update
INFO: [ app_init ] --START--
INFO: Run Behavior\BuildLiteBehavior [ RunTime:0.000000s ]
INFO: Run Common\Behavior\InitHookBehavior [ RunTime:0.003001s ]
INFO: [ app_init ] --END-- [ RunTime:0.004001s ]
INFO: [ app_begin ] --START--
INFO: Run Behavior\ReadHtmlCacheBehavior [ RunTime:0.002000s ]
INFO: [ app_begin ] --END-- [ RunTime:0.002000s ]
SQL: SHOW COLUMNS FROM `bb_51_user` [ RunTime:0.0030s ]
SQL: SELECT * FROM `bb_51_user` join `bb_51_userdata` as `D` on `bb_51_user`.`uid`=`D`.`uid`  WHERE ( `D`.`userkey`='ac465129a993ca804119c84b0e35c680' AND `bb_51_user`.`login_status`='1' ) LIMIT 1   [ RunTime:0.0000s ]
SQL: UPDATE `bb_51_user` SET `nickname`='Amy',`birthday`='1977-06-09',`sex`='1' WHERE ( `uid`='2' ) [ RunTime:0.0000s ]

[ 2015-07-25T13:42:03+08:00 ] 127.0.0.1 /51bb/api/member/status
INFO: [ app_init ] --START--
INFO: Run Behavior\BuildLiteBehavior [ RunTime:0.000000s ]
INFO: Run Common\Behavior\InitHookBehavior [ RunTime:0.004000s ]
INFO: [ app_init ] --END-- [ RunTime:0.005001s ]
INFO: [ app_begin ] --START--
INFO: Run Behavior\ReadHtmlCacheBehavior [ RunTime:0.002000s ]
INFO: [ app_begin ] --END-- [ RunTime:0.002000s ]
SQL: SHOW COLUMNS FROM `bb_51_user` [ RunTime:0.0020s ]
SQL: SELECT `login_status` FROM `bb_51_user` WHERE ( `mobile`='15913361892' ) LIMIT 1   [ RunTime:0.0000s ]

[ 2015-07-25T13:42:22+08:00 ] 127.0.0.1 /51bb/api/member/logout
INFO: [ app_init ] --START--
INFO: Run Behavior\BuildLiteBehavior [ RunTime:0.000000s ]
INFO: Run Common\Behavior\InitHookBehavior [ RunTime:0.004000s ]
INFO: [ app_init ] --END-- [ RunTime:0.005001s ]
INFO: [ app_begin ] --START--
INFO: Run Behavior\ReadHtmlCacheBehavior [ RunTime:0.001000s ]
INFO: [ app_begin ] --END-- [ RunTime:0.001000s ]
SQL: SHOW COLUMNS FROM `bb_51_user` [ RunTime:0.0030s ]
SQL: SELECT * FROM `bb_51_user` join `bb_51_userdata` as `D` on `bb_51_user`.`uid`=`D`.`uid`  WHERE ( `D`.`userkey`='ac465129a993ca804119c84b0e35c680' AND `bb_51_user`.`login_status`='1' ) LIMIT 1   [ RunTime:0.0010s ]
SQL: UPDATE `bb_51_user` SET `login_status`='0' WHERE ( `uid`='2' ) [ RunTime:0.0000s ]
SQL: SHOW COLUMNS FROM `bb_51_userdata` [ RunTime:0.0020s ]
SQL: UPDATE `bb_51_userdata` SET `userkey`='' WHERE ( uid='2' ) [ RunTime:0.0650s ]

[ 2015-07-25T13:42:36+08:00 ] 127.0.0.1 /51bb/api/member/info
INFO: [ app_init ] --START--
INFO: Run Behavior\BuildLiteBehavior [ RunTime:0.000000s ]
INFO: Run Common\Behavior\InitHookBehavior [ RunTime:0.002000s ]
INFO: [ app_init ] --END-- [ RunTime:0.003001s ]
INFO: [ app_begin ] --START--
INFO: Run Behavior\ReadHtmlCacheBehavior [ RunTime:0.001000s ]
INFO: [ app_begin ] --END-- [ RunTime:0.001000s ]
SQL: SHOW COLUMNS FROM `bb_51_user` [ RunTime:0.0030s ]
SQL: SELECT * FROM `bb_51_user` join `bb_51_userdata` as `D` on `bb_51_user`.`uid`=`D`.`uid`  WHERE ( `D`.`userkey`='ac465129a993ca804119c84b0e35c680' AND `bb_51_user`.`login_status`='1' ) LIMIT 1   [ RunTime:0.0000s ]

[ 2015-07-25T13:43:04+08:00 ] 127.0.0.1 /51bb/api/member/info
INFO: [ app_init ] --START--
INFO: Run Behavior\BuildLiteBehavior [ RunTime:0.000000s ]
INFO: Run Common\Behavior\InitHookBehavior [ RunTime:0.003000s ]
INFO: [ app_init ] --END-- [ RunTime:0.004000s ]
INFO: [ app_begin ] --START--
INFO: Run Behavior\ReadHtmlCacheBehavior [ RunTime:0.001000s ]
INFO: [ app_begin ] --END-- [ RunTime:0.001000s ]
SQL: SHOW COLUMNS FROM `bb_51_user` [ RunTime:0.0020s ]
SQL: SELECT * FROM `bb_51_user` join `bb_51_userdata` as `D` on `bb_51_user`.`uid`=`D`.`uid`  WHERE ( `D`.`userkey`='ac465129a993ca804119c84b0e35c680' AND `bb_51_user`.`login_status`='1' ) LIMIT 1   [ RunTime:0.0010s ]

[ 2015-07-25T13:43:22+08:00 ] 127.0.0.1 /51bb/api/about/feedback
INFO: [ app_init ] --START--
INFO: Run Behavior\BuildLiteBehavior [ RunTime:0.000000s ]
INFO: Run Common\Behavior\InitHookBehavior [ RunTime:0.003001s ]
INFO: [ app_init ] --END-- [ RunTime:0.003001s ]
INFO: [ app_begin ] --START--
INFO: Run Behavior\ReadHtmlCacheBehavior [ RunTime:0.001000s ]
INFO: [ app_begin ] --END-- [ RunTime:0.001000s ]

[ 2015-07-25T13:43:50+08:00 ] 127.0.0.1 /51bb/api/about/feedback
INFO: [ app_init ] --START--
INFO: Run Behavior\BuildLiteBehavior [ RunTime:0.000000s ]
INFO: Run Common\Behavior\InitHookBehavior [ RunTime:0.004001s ]
INFO: [ app_init ] --END-- [ RunTime:0.005001s ]
INFO: [ app_begin ] --START--
INFO: Run Behavior\ReadHtmlCacheBehavior [ RunTime:0.000000s ]
INFO: [ app_begin ] --END-- [ RunTime:0.000000s ]

[ 2015-07-25T13:43:51+08:00 ] 127.0.0.1 /51bb/api/about/feedback
INFO: [ app_init ] --START--
INFO: Run Behavior\BuildLiteBehavior [ RunTime:0.000000s ]
INFO: Run Common\Behavior\InitHookBehavior [ RunTime:0.003000s ]
INFO: [ app_init ] --END-- [ RunTime:0.003000s ]
INFO: [ app_begin ] --START--
INFO: Run Behavior\ReadHtmlCacheBehavior [ RunTime:0.001000s ]
INFO: [ app_begin ] --END-- [ RunTime:0.001000s ]

[ 2015-07-25T13:44:56+08:00 ] 127.0.0.1 /51bb/api/about/feedback
INFO: [ app_init ] --START--
INFO: Run Behavior\BuildLiteBehavior [ RunTime:0.000000s ]
INFO: Run Common\Behavior\InitHookBehavior [ RunTime:0.002000s ]
INFO: [ app_init ] --END-- [ RunTime:0.003000s ]
INFO: [ app_begin ] --START--
INFO: Run Behavior\ReadHtmlCacheBehavior [ RunTime:0.001000s ]
INFO: [ app_begin ] --END-- [ RunTime:0.001000s ]
SQL: SHOW COLUMNS FROM `bb_51_user` [ RunTime:0.0050s ]
SQL: SELECT * FROM `bb_51_user` join `bb_51_userdata` as `D` on `bb_51_user`.`uid`=`D`.`uid`  WHERE ( `D`.`userkey`='ac465129a993ca804119c84b0e35c680' AND `bb_51_user`.`login_status`='1' ) LIMIT 1   [ RunTime:0.0010s ]

[ 2015-07-25T13:45:21+08:00 ] 127.0.0.1 /51bb/api/member/login
INFO: [ app_init ] --START--
INFO: Run Behavior\BuildLiteBehavior [ RunTime:0.000000s ]
INFO: Run Common\Behavior\InitHookBehavior [ RunTime:0.004000s ]
INFO: [ app_init ] --END-- [ RunTime:0.005001s ]
INFO: [ app_begin ] --START--
INFO: Run Behavior\ReadHtmlCacheBehavior [ RunTime:0.000000s ]
INFO: [ app_begin ] --END-- [ RunTime:0.001000s ]
SQL: SHOW COLUMNS FROM `bb_51_user` [ RunTime:0.0030s ]
SQL: SELECT * FROM `bb_51_user` WHERE ( mobile = '15913361892' AND password = 'd93a5def7511da3d0f2d171d9c344e91' ) LIMIT 1   [ RunTime:0.0010s ]
SQL: UPDATE `bb_51_user` SET `last_login_time`='1437803121',`last_login_ip`='127.0.0.1',`login_status`='1' WHERE ( mobile = '15913361892' AND password = 'd93a5def7511da3d0f2d171d9c344e91' ) [ RunTime:0.0010s ]
SQL: SHOW COLUMNS FROM `bb_51_userdata` [ RunTime:0.0030s ]
SQL: UPDATE `bb_51_userdata` SET `userkey`='7bcfda0584073bb3a5b7ddfaf855f11f' WHERE ( uid='2' ) [ RunTime:0.0850s ]

[ 2015-07-25T13:45:21+08:00 ] 127.0.0.1 /51bb/api/about/feedback
INFO: [ app_init ] --START--
INFO: Run Behavior\BuildLiteBehavior [ RunTime:0.000000s ]
INFO: Run Common\Behavior\InitHookBehavior [ RunTime:0.002000s ]
INFO: [ app_init ] --END-- [ RunTime:0.004000s ]
INFO: [ app_begin ] --START--
INFO: Run Behavior\ReadHtmlCacheBehavior [ RunTime:0.000000s ]
INFO: [ app_begin ] --END-- [ RunTime:0.001000s ]
SQL: SHOW COLUMNS FROM `bb_51_user` [ RunTime:0.0030s ]
SQL: SELECT * FROM `bb_51_user` join `bb_51_userdata` as `D` on `bb_51_user`.`uid`=`D`.`uid`  WHERE ( `D`.`userkey`='ac465129a993ca804119c84b0e35c680' AND `bb_51_user`.`login_status`='1' ) LIMIT 1   [ RunTime:0.0010s ]

[ 2015-07-25T13:45:32+08:00 ] 127.0.0.1 /51bb/api/member/login
INFO: [ app_init ] --START--
INFO: Run Behavior\BuildLiteBehavior [ RunTime:0.000000s ]
INFO: Run Common\Behavior\InitHookBehavior [ RunTime:0.002000s ]
INFO: [ app_init ] --END-- [ RunTime:0.003000s ]
INFO: [ app_begin ] --START--
INFO: Run Behavior\ReadHtmlCacheBehavior [ RunTime:0.000000s ]
INFO: [ app_begin ] --END-- [ RunTime:0.000000s ]
SQL: SHOW COLUMNS FROM `bb_51_user` [ RunTime:0.0060s ]
SQL: SELECT * FROM `bb_51_user` WHERE ( mobile = '15913361892' AND password = 'd93a5def7511da3d0f2d171d9c344e91' ) LIMIT 1   [ RunTime:0.0010s ]
SQL: UPDATE `bb_51_user` SET `last_login_time`='1437803132',`last_login_ip`='127.0.0.1',`login_status`='1' WHERE ( mobile = '15913361892' AND password = 'd93a5def7511da3d0f2d171d9c344e91' ) [ RunTime:0.0000s ]
SQL: SHOW COLUMNS FROM `bb_51_userdata` [ RunTime:0.0020s ]
SQL: UPDATE `bb_51_userdata` SET `userkey`='f2af73464ab2e7d1f93f665f5d6d5ac1' WHERE ( uid='2' ) [ RunTime:0.1380s ]

[ 2015-07-25T13:45:41+08:00 ] 127.0.0.1 /51bb/api/member/login
INFO: [ app_init ] --START--
INFO: Run Behavior\BuildLiteBehavior [ RunTime:0.000000s ]
INFO: Run Common\Behavior\InitHookBehavior [ RunTime:0.003000s ]
INFO: [ app_init ] --END-- [ RunTime:0.005000s ]
INFO: [ app_begin ] --START--
INFO: Run Behavior\ReadHtmlCacheBehavior [ RunTime:0.000000s ]
INFO: [ app_begin ] --END-- [ RunTime:0.001000s ]
SQL: SHOW COLUMNS FROM `bb_51_user` [ RunTime:0.0040s ]
SQL: SELECT * FROM `bb_51_user` WHERE ( mobile = '15913361892' AND password = 'd93a5def7511da3d0f2d171d9c344e91' ) LIMIT 1   [ RunTime:0.0010s ]
SQL: UPDATE `bb_51_user` SET `last_login_time`='1437803141',`last_login_ip`='127.0.0.1',`login_status`='1' WHERE ( mobile = '15913361892' AND password = 'd93a5def7511da3d0f2d171d9c344e91' ) [ RunTime:0.0010s ]
SQL: SHOW COLUMNS FROM `bb_51_userdata` [ RunTime:0.0040s ]
SQL: UPDATE `bb_51_userdata` SET `userkey`='0411ba245186e8463d36de23b11b62f9' WHERE ( uid='2' ) [ RunTime:0.0670s ]

[ 2015-07-25T13:45:59+08:00 ] 127.0.0.1 /51bb/api/about/feedback
INFO: [ app_init ] --START--
INFO: Run Behavior\BuildLiteBehavior [ RunTime:0.000000s ]
INFO: Run Common\Behavior\InitHookBehavior [ RunTime:0.002000s ]
INFO: [ app_init ] --END-- [ RunTime:0.003000s ]
INFO: [ app_begin ] --START--
INFO: Run Behavior\ReadHtmlCacheBehavior [ RunTime:0.001000s ]
INFO: [ app_begin ] --END-- [ RunTime:0.001000s ]
SQL: SHOW COLUMNS FROM `bb_51_user` [ RunTime:0.0020s ]
SQL: SELECT * FROM `bb_51_user` join `bb_51_userdata` as `D` on `bb_51_user`.`uid`=`D`.`uid`  WHERE ( `D`.`userkey`='0411ba245186e8463d36de23b11b62f9' AND `bb_51_user`.`login_status`='1' ) LIMIT 1   [ RunTime:0.0010s ]
SQL: SHOW COLUMNS FROM `bb_51_feedback` [ RunTime:0.0020s ]
SQL: SELECT `create_time` FROM `bb_51_feedback` WHERE ( uid='2' ) ORDER BY create_time desc LIMIT 1   [ RunTime:0.0000s ]
SQL: INSERT INTO `bb_51_feedback` (`uid`,`content`,`create_time`,`status`) VALUES ('2','我要吃肯德基','1437803159','0') [ RunTime:0.1150s ]

[ 2015-07-25T13:59:44+08:00 ] 127.0.0.1 /51bb/api/member/getsmscode
INFO: [ app_init ] --START--
INFO: Run Behavior\BuildLiteBehavior [ RunTime:0.000000s ]
INFO: Run Common\Behavior\InitHookBehavior [ RunTime:0.002000s ]
INFO: [ app_init ] --END-- [ RunTime:0.003000s ]
INFO: [ app_begin ] --START--
INFO: Run Behavior\ReadHtmlCacheBehavior [ RunTime:0.000000s ]
INFO: [ app_begin ] --END-- [ RunTime:0.000000s ]
SQL: SHOW COLUMNS FROM `bb_51_smscode` [ RunTime:0.0030s ]
SQL: SELECT * FROM `bb_51_smscode` WHERE ( mobile='15913361892' )  [ RunTime:0.0010s ]
SQL: UPDATE `bb_51_smscode` SET `datetime`='2015-07-25 13:59:23',`code`='210381',`todo`='',`count`='4' WHERE ( mobile = '15913361892' ) [ RunTime:0.1530s ]
NOTIC: [2] file_get_contents(http://120.24.158.159:8090/sendSMS/15913361892/210381):  D:\HHH\wamp\www\51bb\Application\Api\Model\MemberModel.class.php 第 92 行.

[ 2015-07-25T13:59:44+08:00 ] 127.0.0.1 /51bb/api/about/feedback
INFO: [ app_init ] --START--
INFO: Run Behavior\BuildLiteBehavior [ RunTime:0.000000s ]
INFO: Run Common\Behavior\InitHookBehavior [ RunTime:0.003000s ]
INFO: [ app_init ] --END-- [ RunTime:0.003000s ]
INFO: [ app_begin ] --START--
INFO: Run Behavior\ReadHtmlCacheBehavior [ RunTime:0.001000s ]
INFO: [ app_begin ] --END-- [ RunTime:0.001000s ]

[ 2015-07-25T14:00:44+08:00 ] 127.0.0.1 /51bb/api/member/getsmscode
INFO: [ app_init ] --START--
INFO: Run Behavior\BuildLiteBehavior [ RunTime:0.000000s ]
INFO: Run Common\Behavior\InitHookBehavior [ RunTime:0.003000s ]
INFO: [ app_init ] --END-- [ RunTime:0.003000s ]
INFO: [ app_begin ] --START--
INFO: Run Behavior\ReadHtmlCacheBehavior [ RunTime:0.000000s ]
INFO: [ app_begin ] --END-- [ RunTime:0.001000s ]
SQL: SHOW COLUMNS FROM `bb_51_smscode` [ RunTime:0.0030s ]
SQL: SELECT * FROM `bb_51_smscode` WHERE ( mobile='15913361892' )  [ RunTime:0.0000s ]
SQL: UPDATE `bb_51_smscode` SET `datetime`='2015-07-25 14:00:43',`code`='210652',`todo`='',`count`='5' WHERE ( mobile = '15913361892' ) [ RunTime:0.1950s ]

[ 2015-07-25T14:00:44+08:00 ] 127.0.0.1 /51bb/api/about/feedback
INFO: [ app_init ] --START--
INFO: Run Behavior\BuildLiteBehavior [ RunTime:0.000000s ]
INFO: Run Common\Behavior\InitHookBehavior [ RunTime:0.005000s ]
INFO: [ app_init ] --END-- [ RunTime:0.006000s ]
INFO: [ app_begin ] --START--
INFO: Run Behavior\ReadHtmlCacheBehavior [ RunTime:0.000000s ]
INFO: [ app_begin ] --END-- [ RunTime:0.001000s ]

[ 2015-07-25T14:01:20+08:00 ] 127.0.0.1 /51bb/api/member/getsmscode
INFO: [ app_init ] --START--
INFO: Run Behavior\BuildLiteBehavior [ RunTime:0.001000s ]
INFO: Run Common\Behavior\InitHookBehavior [ RunTime:0.003000s ]
INFO: [ app_init ] --END-- [ RunTime:0.005000s ]
INFO: [ app_begin ] --START--
INFO: Run Behavior\ReadHtmlCacheBehavior [ RunTime:0.001000s ]
INFO: [ app_begin ] --END-- [ RunTime:0.001000s ]
SQL: SHOW COLUMNS FROM `bb_51_smscode` [ RunTime:0.0030s ]
SQL: SELECT * FROM `bb_51_smscode` WHERE ( mobile='15913361892' )  [ RunTime:0.0010s ]
SQL: UPDATE `bb_51_smscode` SET `datetime`='2015-07-25 14:01:20',`code`='158646',`todo`='',`count`='6' WHERE ( mobile = '15913361892' ) [ RunTime:0.1420s ]

[ 2015-07-25T14:14:01+08:00 ] 127.0.0.1 /51bb/api/about/version
INFO: [ app_init ] --START--
INFO: Run Behavior\BuildLiteBehavior [ RunTime:0.000000s ]
INFO: Run Common\Behavior\InitHookBehavior [ RunTime:0.003000s ]
INFO: [ app_init ] --END-- [ RunTime:0.003000s ]
INFO: [ app_begin ] --START--
INFO: Run Behavior\ReadHtmlCacheBehavior [ RunTime:0.001000s ]
INFO: [ app_begin ] --END-- [ RunTime:0.001000s ]

[ 2015-07-25T14:19:19+08:00 ] 127.0.0.1 /51bb/api/member/login
INFO: [ app_init ] --START--
INFO: Run Behavior\BuildLiteBehavior [ RunTime:0.000000s ]
INFO: Run Common\Behavior\InitHookBehavior [ RunTime:0.003000s ]
INFO: [ app_init ] --END-- [ RunTime:0.003000s ]
INFO: [ app_begin ] --START--
INFO: Run Behavior\ReadHtmlCacheBehavior [ RunTime:0.001000s ]
INFO: [ app_begin ] --END-- [ RunTime:0.001000s ]
SQL: SHOW COLUMNS FROM `bb_51_user` [ RunTime:0.0030s ]
SQL: SELECT * FROM `bb_51_user` WHERE ( mobile = '15913361892' AND password = 'd93a5def7511da3d0f2d171d9c344e91' ) LIMIT 1   [ RunTime:0.0000s ]
SQL: UPDATE `bb_51_user` SET `last_login_time`='1437805159',`last_login_ip`='127.0.0.1',`login_status`='1' WHERE ( mobile = '15913361892' AND password = 'd93a5def7511da3d0f2d171d9c344e91' ) [ RunTime:0.0000s ]
SQL: SHOW COLUMNS FROM `bb_51_userdata` [ RunTime:0.0030s ]
SQL: UPDATE `bb_51_userdata` SET `userkey`='0b74d4347d1545ecb08feccd40121005' WHERE ( uid='2' ) [ RunTime:0.0760s ]

[ 2015-07-25T14:22:44+08:00 ] 127.0.0.1 /51bb/api/member/getsmscode
INFO: [ app_init ] --START--
INFO: Run Behavior\BuildLiteBehavior [ RunTime:0.000000s ]
INFO: Run Common\Behavior\InitHookBehavior [ RunTime:0.002001s ]
INFO: [ app_init ] --END-- [ RunTime:0.003001s ]
INFO: [ app_begin ] --START--
INFO: Run Behavior\ReadHtmlCacheBehavior [ RunTime:0.001000s ]
INFO: [ app_begin ] --END-- [ RunTime:0.001000s ]
SQL: SHOW COLUMNS FROM `bb_51_smscode` [ RunTime:0.0030s ]
SQL: SELECT * FROM `bb_51_smscode` WHERE ( mobile='15913361892' )  [ RunTime:0.0010s ]
SQL: INSERT INTO `bb_51_smscode` (`mobile`,`count`,`datetime`,`code`) VALUES ('15913361892','1','2015-07-25 14:22:44','027311') [ RunTime:0.1570s ]

[ 2015-07-25T14:22:55+08:00 ] 127.0.0.1 /51bb/api/member/register
INFO: [ app_init ] --START--
INFO: Run Behavior\BuildLiteBehavior [ RunTime:0.000000s ]
INFO: Run Common\Behavior\InitHookBehavior [ RunTime:0.003000s ]
INFO: [ app_init ] --END-- [ RunTime:0.003000s ]
INFO: [ app_begin ] --START--
INFO: Run Behavior\ReadHtmlCacheBehavior [ RunTime:0.001000s ]
INFO: [ app_begin ] --END-- [ RunTime:0.001000s ]
SQL: SHOW COLUMNS FROM `bb_51_smscode` [ RunTime:0.0030s ]
SQL: SELECT * FROM `bb_51_smscode` WHERE ( mobile='15913361892' AND code='027311' )  [ RunTime:0.0010s ]
SQL: UPDATE `bb_51_smscode` SET `datetime`='0000-00-00 00:00:00',`lastaction`='REGISTER',`todo`='REGISTER' WHERE ( mobile='15913361892' AND code='027311' ) [ RunTime:0.0690s ]
SQL: SHOW COLUMNS FROM `bb_51_user` [ RunTime:0.0030s ]
SQL: SELECT * FROM `bb_51_user` WHERE ( mobile='15913361892' )  [ RunTime:0.0000s ]
SQL: INSERT INTO `bb_51_user` (`mobile`,`password`,`score`,`reg_time`,`status`) VALUES ('15913361892','d93a5def7511da3d0f2d171d9c344e91','5','1437805375','1') [ RunTime:0.0000s ]
SQL: UPDATE `bb_51_smscode` SET `todo`='' WHERE ( mobile=15913361892 ) [ RunTime:0.0460s ]
SQL: SHOW COLUMNS FROM `bb_51_userdata` [ RunTime:0.0040s ]
SQL: INSERT INTO `bb_51_userdata` (`uid`) VALUES ('1') [ RunTime:0.0660s ]

[ 2015-07-25T14:23:38+08:00 ] 127.0.0.1 /51bb/api/member/login
INFO: [ app_init ] --START--
INFO: Run Behavior\BuildLiteBehavior [ RunTime:0.000000s ]
INFO: Run Common\Behavior\InitHookBehavior [ RunTime:0.003001s ]
INFO: [ app_init ] --END-- [ RunTime:0.004001s ]
INFO: [ app_begin ] --START--
INFO: Run Behavior\ReadHtmlCacheBehavior [ RunTime:0.000000s ]
INFO: [ app_begin ] --END-- [ RunTime:0.001000s ]
SQL: SHOW COLUMNS FROM `bb_51_user` [ RunTime:0.0030s ]
SQL: SELECT * FROM `bb_51_user` WHERE ( mobile = '15913361892' AND password = 'd93a5def7511da3d0f2d171d9c344e91' ) LIMIT 1   [ RunTime:0.0000s ]
SQL: UPDATE `bb_51_user` SET `last_login_time`='1437805418',`last_login_ip`='127.0.0.1',`login_status`='1' WHERE ( mobile = '15913361892' AND password = 'd93a5def7511da3d0f2d171d9c344e91' ) [ RunTime:0.0010s ]
SQL: SHOW COLUMNS FROM `bb_51_userdata` [ RunTime:0.0030s ]
SQL: UPDATE `bb_51_userdata` SET `userkey`='fa3d3048cedea0561c61aeb8cff73275' WHERE ( uid='1' ) [ RunTime:0.0770s ]

[ 2015-07-25T16:09:10+08:00 ] 127.0.0.1 /51bb/api/member/setphoto/
INFO: [ app_init ] --START--
INFO: Run Behavior\BuildLiteBehavior [ RunTime:0.000000s ]
INFO: Run Common\Behavior\InitHookBehavior [ RunTime:0.003000s ]
INFO: [ app_init ] --END-- [ RunTime:0.005000s ]
INFO: [ app_begin ] --START--
INFO: Run Behavior\ReadHtmlCacheBehavior [ RunTime:0.001000s ]
INFO: [ app_begin ] --END-- [ RunTime:0.002000s ]
SQL: SHOW COLUMNS FROM `bb_51_user` [ RunTime:0.0090s ]
SQL: SELECT * FROM `bb_51_user` join `bb_51_userdata` as `D` on `bb_51_user`.`uid`=`D`.`uid`  WHERE ( `D`.`userkey`='0411ba245186e8463d36de23b11b62f9' AND `bb_51_user`.`login_status`='1' ) LIMIT 1   [ RunTime:0.0010s ]

[ 2015-07-25T16:09:58+08:00 ] 127.0.0.1 /51bb/api/member/setphoto/
INFO: [ app_init ] --START--
INFO: Run Behavior\BuildLiteBehavior [ RunTime:0.000000s ]
INFO: Run Common\Behavior\InitHookBehavior [ RunTime:0.004000s ]
INFO: [ app_init ] --END-- [ RunTime:0.004000s ]
INFO: [ app_begin ] --START--
INFO: Run Behavior\ReadHtmlCacheBehavior [ RunTime:0.001000s ]
INFO: [ app_begin ] --END-- [ RunTime:0.001000s ]
SQL: SHOW COLUMNS FROM `bb_51_user` [ RunTime:0.0060s ]
SQL: SELECT * FROM `bb_51_user` join `bb_51_userdata` as `D` on `bb_51_user`.`uid`=`D`.`uid`  WHERE ( `D`.`userkey`='d161e118d3f4911a213b1b216d6c95c7' AND `bb_51_user`.`login_status`='1' ) LIMIT 1   [ RunTime:0.0010s ]

[ 2015-07-25T16:10:24+08:00 ] 127.0.0.1 /51bb/api/member/setphoto/
INFO: [ app_init ] --START--
INFO: Run Behavior\BuildLiteBehavior [ RunTime:0.000000s ]
INFO: Run Common\Behavior\InitHookBehavior [ RunTime:0.002000s ]
INFO: [ app_init ] --END-- [ RunTime:0.003000s ]
INFO: [ app_begin ] --START--
INFO: Run Behavior\ReadHtmlCacheBehavior [ RunTime:0.001000s ]
INFO: [ app_begin ] --END-- [ RunTime:0.001000s ]
SQL: SHOW COLUMNS FROM `bb_51_user` [ RunTime:0.0020s ]
SQL: SELECT * FROM `bb_51_user` join `bb_51_userdata` as `D` on `bb_51_user`.`uid`=`D`.`uid`  WHERE ( `D`.`userkey`='d161e118d3f4911a213b1b216d6c95c7' AND `bb_51_user`.`login_status`='1' ) LIMIT 1   [ RunTime:0.0010s ]

[ 2015-07-25T16:10:49+08:00 ] 127.0.0.1 /51bb/api/member/setphoto/
INFO: [ app_init ] --START--
INFO: Run Behavior\BuildLiteBehavior [ RunTime:0.000000s ]
INFO: Run Common\Behavior\InitHookBehavior [ RunTime:0.003000s ]
INFO: [ app_init ] --END-- [ RunTime:0.003000s ]
INFO: [ app_begin ] --START--
INFO: Run Behavior\ReadHtmlCacheBehavior [ RunTime:0.002001s ]
INFO: [ app_begin ] --END-- [ RunTime:0.002001s ]
SQL: SHOW COLUMNS FROM `bb_51_user` [ RunTime:0.0040s ]
SQL: SELECT * FROM `bb_51_user` join `bb_51_userdata` as `D` on `bb_51_user`.`uid`=`D`.`uid`  WHERE ( `D`.`userkey`='d161e118d3f4911a213b1b216d6c95c7' AND `bb_51_user`.`login_status`='1' ) LIMIT 1   [ RunTime:0.0000s ]

[ 2015-07-25T16:11:59+08:00 ] 127.0.0.1 /51bb/api/member/setphoto/
INFO: [ app_init ] --START--
INFO: Run Behavior\BuildLiteBehavior [ RunTime:0.000000s ]
INFO: Run Common\Behavior\InitHookBehavior [ RunTime:0.001000s ]
INFO: [ app_init ] --END-- [ RunTime:0.003000s ]
INFO: [ app_begin ] --START--
INFO: Run Behavior\ReadHtmlCacheBehavior [ RunTime:0.000000s ]
INFO: [ app_begin ] --END-- [ RunTime:0.000000s ]
SQL: SHOW COLUMNS FROM `bb_51_user` [ RunTime:0.0020s ]
SQL: SELECT * FROM `bb_51_user` join `bb_51_userdata` as `D` on `bb_51_user`.`uid`=`D`.`uid`  WHERE ( `D`.`userkey`='d161e118d3f4911a213b1b216d6c95c7' AND `bb_51_user`.`login_status`='1' ) LIMIT 1   [ RunTime:0.0000s ]

[ 2015-07-25T16:12:29+08:00 ] 127.0.0.1 /51bb/api/member/setphoto/
INFO: [ app_init ] --START--
INFO: Run Behavior\BuildLiteBehavior [ RunTime:0.000000s ]
INFO: Run Common\Behavior\InitHookBehavior [ RunTime:0.005001s ]
INFO: [ app_init ] --END-- [ RunTime:0.007001s ]
INFO: [ app_begin ] --START--
INFO: Run Behavior\ReadHtmlCacheBehavior [ RunTime:0.000000s ]
INFO: [ app_begin ] --END-- [ RunTime:0.000000s ]
SQL: SHOW COLUMNS FROM `bb_51_user` [ RunTime:0.0030s ]
SQL: SELECT * FROM `bb_51_user` join `bb_51_userdata` as `D` on `bb_51_user`.`uid`=`D`.`uid`  WHERE ( `D`.`userkey`='fa3d3048cedea0561c61aeb8cff73275' AND `bb_51_user`.`login_status`='1' ) LIMIT 1   [ RunTime:0.0000s ]
SQL: SHOW COLUMNS FROM `bb_51_image` [ RunTime:0.0020s ]
SQL: SELECT * FROM `bb_51_image` WHERE ( uid='1' ) LIMIT 1   [ RunTime:0.0030s ]
SQL: INSERT INTO `bb_51_image` (`uid`,`name`,`savename`,`savepath`,`ext`,`mime`,`size`,`sha1`,`create_time`,`url`) VALUES ('1','1e30e924b899a901bea047291f950a7b0208f51c.jpg','20150725161229_1.jpg','./Uploads/51bangbang/userphotos/','jpg','image/jpeg','22784','d917c8d5a765e57c68fe850bec913915','1437811949','./Uploads/51bangbang/userphotos/20150725161229_1.jpg') [ RunTime:0.0130s ]

[ 2015-07-25T16:13:24+08:00 ] 127.0.0.1 /51bb/api/member/setphoto/
INFO: [ app_init ] --START--
INFO: Run Behavior\BuildLiteBehavior [ RunTime:0.000000s ]
INFO: Run Common\Behavior\InitHookBehavior [ RunTime:0.002000s ]
INFO: [ app_init ] --END-- [ RunTime:0.003000s ]
INFO: [ app_begin ] --START--
INFO: Run Behavior\ReadHtmlCacheBehavior [ RunTime:0.000000s ]
INFO: [ app_begin ] --END-- [ RunTime:0.000000s ]
SQL: SHOW COLUMNS FROM `bb_51_user` [ RunTime:0.0090s ]
SQL: SELECT * FROM `bb_51_user` join `bb_51_userdata` as `D` on `bb_51_user`.`uid`=`D`.`uid`  WHERE ( `D`.`userkey`='d161e118d3f4911a213b1b216d6c95c7' AND `bb_51_user`.`login_status`='1' ) LIMIT 1   [ RunTime:0.0010s ]

[ 2015-07-25T16:13:49+08:00 ] 127.0.0.1 /51bb/api/member/setphoto/
INFO: [ app_init ] --START--
INFO: Run Behavior\BuildLiteBehavior [ RunTime:0.000000s ]
INFO: Run Common\Behavior\InitHookBehavior [ RunTime:0.002001s ]
INFO: [ app_init ] --END-- [ RunTime:0.003001s ]
INFO: [ app_begin ] --START--
INFO: Run Behavior\ReadHtmlCacheBehavior [ RunTime:0.000000s ]
INFO: [ app_begin ] --END-- [ RunTime:0.000000s ]

[ 2015-07-25T16:14:33+08:00 ] 127.0.0.1 /51bb/api/member/setphoto/
INFO: [ app_init ] --START--
INFO: Run Behavior\BuildLiteBehavior [ RunTime:0.000000s ]
INFO: Run Common\Behavior\InitHookBehavior [ RunTime:0.001000s ]
INFO: [ app_init ] --END-- [ RunTime:0.003000s ]
INFO: [ app_begin ] --START--
INFO: Run Behavior\ReadHtmlCacheBehavior [ RunTime:0.001000s ]
INFO: [ app_begin ] --END-- [ RunTime:0.001000s ]
SQL: SHOW COLUMNS FROM `bb_51_user` [ RunTime:0.0140s ]
SQL: SELECT * FROM `bb_51_user` join `bb_51_userdata` as `D` on `bb_51_user`.`uid`=`D`.`uid`  WHERE ( `D`.`userkey`='d161e118d3f4911a213b1b216d6c95c7' AND `bb_51_user`.`login_status`='1' ) LIMIT 1   [ RunTime:0.0010s ]

[ 2015-07-25T16:14:54+08:00 ] 127.0.0.1 /51bb/api/member/setphoto/
INFO: [ app_init ] --START--
INFO: Run Behavior\BuildLiteBehavior [ RunTime:0.000000s ]
INFO: Run Common\Behavior\InitHookBehavior [ RunTime:0.004000s ]
INFO: [ app_init ] --END-- [ RunTime:0.005000s ]
INFO: [ app_begin ] --START--
INFO: Run Behavior\ReadHtmlCacheBehavior [ RunTime:0.000000s ]
INFO: [ app_begin ] --END-- [ RunTime:0.000000s ]
SQL: SHOW COLUMNS FROM `bb_51_user` [ RunTime:0.0030s ]
SQL: SELECT * FROM `bb_51_user` join `bb_51_userdata` as `D` on `bb_51_user`.`uid`=`D`.`uid`  WHERE ( `D`.`userkey`='d161e118d3f4911a213b1b216d6c95c7' AND `bb_51_user`.`login_status`='1' ) LIMIT 1   [ RunTime:0.0000s ]

[ 2015-07-25T16:15:30+08:00 ] 127.0.0.1 /51bb/api/member/setphoto/
INFO: [ app_init ] --START--
INFO: Run Behavior\BuildLiteBehavior [ RunTime:0.000000s ]
INFO: Run Common\Behavior\InitHookBehavior [ RunTime:0.002000s ]
INFO: [ app_init ] --END-- [ RunTime:0.003000s ]
INFO: [ app_begin ] --START--
INFO: Run Behavior\ReadHtmlCacheBehavior [ RunTime:0.001000s ]
INFO: [ app_begin ] --END-- [ RunTime:0.001000s ]
SQL: SHOW COLUMNS FROM `bb_51_user` [ RunTime:0.0020s ]
SQL: SELECT * FROM `bb_51_user` join `bb_51_userdata` as `D` on `bb_51_user`.`uid`=`D`.`uid`  WHERE ( `D`.`userkey`='d161e118d3f4911a213b1b216d6c95c7' AND `bb_51_user`.`login_status`='1' ) LIMIT 1   [ RunTime:0.0000s ]

[ 2015-07-25T16:15:42+08:00 ] 127.0.0.1 /51bb/api/member/setphoto/
INFO: [ app_init ] --START--
INFO: Run Behavior\BuildLiteBehavior [ RunTime:0.000000s ]
INFO: Run Common\Behavior\InitHookBehavior [ RunTime:0.003000s ]
INFO: [ app_init ] --END-- [ RunTime:0.003000s ]
INFO: [ app_begin ] --START--
INFO: Run Behavior\ReadHtmlCacheBehavior [ RunTime:0.001000s ]
INFO: [ app_begin ] --END-- [ RunTime:0.001000s ]
SQL: SHOW COLUMNS FROM `bb_51_user` [ RunTime:0.0020s ]
SQL: SELECT * FROM `bb_51_user` join `bb_51_userdata` as `D` on `bb_51_user`.`uid`=`D`.`uid`  WHERE ( `D`.`userkey`='d161e118d3f4911a213b1b216d6c95c7' AND `bb_51_user`.`login_status`='1' ) LIMIT 1   [ RunTime:0.0020s ]

[ 2015-07-25T16:15:58+08:00 ] 127.0.0.1 /51bb/api/member/setphoto/
INFO: [ app_init ] --START--
INFO: Run Behavior\BuildLiteBehavior [ RunTime:0.000000s ]
INFO: Run Common\Behavior\InitHookBehavior [ RunTime:0.002001s ]
INFO: [ app_init ] --END-- [ RunTime:0.004001s ]
INFO: [ app_begin ] --START--
INFO: Run Behavior\ReadHtmlCacheBehavior [ RunTime:0.001000s ]
INFO: [ app_begin ] --END-- [ RunTime:0.001000s ]
SQL: SHOW COLUMNS FROM `bb_51_user` [ RunTime:0.0050s ]
SQL: SELECT * FROM `bb_51_user` join `bb_51_userdata` as `D` on `bb_51_user`.`uid`=`D`.`uid`  WHERE ( `D`.`userkey`='fa3d3048cedea0561c61aeb8cff73275' AND `bb_51_user`.`login_status`='1' ) LIMIT 1   [ RunTime:0.0010s ]
SQL: SHOW COLUMNS FROM `bb_51_image` [ RunTime:0.0030s ]
SQL: SELECT * FROM `bb_51_image` WHERE ( uid='1' ) LIMIT 1   [ RunTime:0.0010s ]
SQL: UPDATE `bb_51_image` SET `uid`='1',`name`='26J58PICmt9_1024.png',`savename`='20150725161558_1.png',`savepath`='./Uploads/51bangbang/userphotos/',`ext`='png',`mime`='image/png',`size`='58170',`sha1`='a6c45af28a4201cbca755573044df89c',`create_time`='1437812158',`url`='./Uploads/51bangbang/userphotos/20150725161558_1.png' WHERE ( uid='1' ) [ RunTime:0.0010s ]

[ 2015-07-25T16:16:07+08:00 ] 127.0.0.1 /51bb/api/member/setphoto/
INFO: [ app_init ] --START--
INFO: Run Behavior\BuildLiteBehavior [ RunTime:0.000000s ]
INFO: Run Common\Behavior\InitHookBehavior [ RunTime:0.001000s ]
INFO: [ app_init ] --END-- [ RunTime:0.002000s ]
INFO: [ app_begin ] --START--
INFO: Run Behavior\ReadHtmlCacheBehavior [ RunTime:0.002000s ]
INFO: [ app_begin ] --END-- [ RunTime:0.003000s ]
SQL: SHOW COLUMNS FROM `bb_51_user` [ RunTime:0.0030s ]
SQL: SELECT * FROM `bb_51_user` join `bb_51_userdata` as `D` on `bb_51_user`.`uid`=`D`.`uid`  WHERE ( `D`.`userkey`='fa3d3048cedea0561c61aeb8cff73275' AND `bb_51_user`.`login_status`='1' ) LIMIT 1   [ RunTime:0.0010s ]
SQL: SHOW COLUMNS FROM `bb_51_image` [ RunTime:0.0020s ]
SQL: SELECT * FROM `bb_51_image` WHERE ( uid='1' ) LIMIT 1   [ RunTime:0.0000s ]
SQL: UPDATE `bb_51_image` SET `uid`='1',`name`='about_pay_icon.png',`savename`='20150725161607_1.png',`savepath`='./Uploads/51bangbang/userphotos/',`ext`='png',`mime`='image/png',`size`='33595',`sha1`='bd41b031f120a7c6dd216363a5f3ee6d',`create_time`='1437812167',`url`='./Uploads/51bangbang/userphotos/20150725161607_1.png' WHERE ( uid='1' ) [ RunTime:0.0000s ]

[ 2015-07-25T16:17:11+08:00 ] 127.0.0.1 /51bb/api/member/setphoto/
INFO: [ app_init ] --START--
INFO: Run Behavior\BuildLiteBehavior [ RunTime:0.000000s ]
INFO: Run Common\Behavior\InitHookBehavior [ RunTime:0.002000s ]
INFO: [ app_init ] --END-- [ RunTime:0.002000s ]
INFO: [ app_begin ] --START--
INFO: Run Behavior\ReadHtmlCacheBehavior [ RunTime:0.000000s ]
INFO: [ app_begin ] --END-- [ RunTime:0.001000s ]
SQL: SHOW COLUMNS FROM `bb_51_user` [ RunTime:0.0030s ]
SQL: SELECT * FROM `bb_51_user` join `bb_51_userdata` as `D` on `bb_51_user`.`uid`=`D`.`uid`  WHERE ( `D`.`userkey`='fa3d3048cedea0561c61aeb8cff73275' AND `bb_51_user`.`login_status`='1' ) LIMIT 1   [ RunTime:0.0010s ]
SQL: SHOW COLUMNS FROM `bb_51_image` [ RunTime:0.0030s ]
SQL: SELECT * FROM `bb_51_image` WHERE ( uid='1' ) LIMIT 1   [ RunTime:0.0010s ]
SQL: UPDATE `bb_51_image` SET `uid`='1',`name`='26J58PICmt9_1024.png',`savename`='20150725161711_1.png',`savepath`='./Uploads/51bangbang/userphotos/',`ext`='png',`mime`='image/png',`size`='58170',`sha1`='a6c45af28a4201cbca755573044df89c',`create_time`='1437812231',`url`='./Uploads/51bangbang/userphotos/20150725161711_1.png' WHERE ( uid='1' ) [ RunTime:0.0010s ]

[ 2015-07-25T16:17:44+08:00 ] 127.0.0.1 /51bb/api/member/setphoto/
INFO: [ app_init ] --START--
INFO: Run Behavior\BuildLiteBehavior [ RunTime:0.000000s ]
INFO: Run Common\Behavior\InitHookBehavior [ RunTime:0.003000s ]
INFO: [ app_init ] --END-- [ RunTime:0.004000s ]
INFO: [ app_begin ] --START--
INFO: Run Behavior\ReadHtmlCacheBehavior [ RunTime:0.000000s ]
INFO: [ app_begin ] --END-- [ RunTime:0.000000s ]
SQL: SHOW COLUMNS FROM `bb_51_user` [ RunTime:0.0030s ]
SQL: SELECT * FROM `bb_51_user` join `bb_51_userdata` as `D` on `bb_51_user`.`uid`=`D`.`uid`  WHERE ( `D`.`userkey`='fa3d3048cedea0561c61aeb8cff73275' AND `bb_51_user`.`login_status`='1' ) LIMIT 1   [ RunTime:0.0010s ]
SQL: SHOW COLUMNS FROM `bb_51_image` [ RunTime:0.0020s ]
SQL: SELECT * FROM `bb_51_image` WHERE ( uid='1' ) LIMIT 1   [ RunTime:0.0000s ]
SQL: UPDATE `bb_51_image` SET `uid`='1',`name`='about_pay_icon.png',`savename`='20150725161744_1.png',`savepath`='./Uploads/51bangbang/userphotos/',`ext`='png',`mime`='image/png',`size`='33595',`sha1`='bd41b031f120a7c6dd216363a5f3ee6d',`create_time`='1437812264',`url`='./Uploads/51bangbang/userphotos/20150725161744_1.png' WHERE ( uid='1' ) [ RunTime:0.0010s ]

[ 2015-07-25T16:18:28+08:00 ] 127.0.0.1 /51bb/api/member/setphoto/
INFO: [ app_init ] --START--
INFO: Run Behavior\BuildLiteBehavior [ RunTime:0.000000s ]
INFO: Run Common\Behavior\InitHookBehavior [ RunTime:0.002000s ]
INFO: [ app_init ] --END-- [ RunTime:0.002000s ]
INFO: [ app_begin ] --START--
INFO: Run Behavior\ReadHtmlCacheBehavior [ RunTime:0.001000s ]
INFO: [ app_begin ] --END-- [ RunTime:0.002000s ]
SQL: SHOW COLUMNS FROM `bb_51_user` [ RunTime:0.0020s ]
SQL: SELECT * FROM `bb_51_user` join `bb_51_userdata` as `D` on `bb_51_user`.`uid`=`D`.`uid`  WHERE ( `D`.`userkey`='fa3d3048cedea0561c61aeb8cff73275' AND `bb_51_user`.`login_status`='1' ) LIMIT 1   [ RunTime:0.0010s ]
SQL: SHOW COLUMNS FROM `bb_51_image` [ RunTime:0.0050s ]
SQL: SELECT * FROM `bb_51_image` WHERE ( uid='1' ) LIMIT 1   [ RunTime:0.0010s ]
SQL: UPDATE `bb_51_image` SET `uid`='1',`name`='about_pay_icon.png',`savename`='20150725161828_1.png',`savepath`='./Uploads/51bangbang/userphotos/',`ext`='png',`mime`='image/png',`size`='33595',`sha1`='bd41b031f120a7c6dd216363a5f3ee6d',`create_time`='1437812308',`url`='./Uploads/51bangbang/userphotos/20150725161828_1.png' WHERE ( uid='1' ) [ RunTime:0.0000s ]

[ 2015-07-25T16:18:48+08:00 ] 127.0.0.1 /51bb/api/member/setphoto/
INFO: [ app_init ] --START--
INFO: Run Behavior\BuildLiteBehavior [ RunTime:0.000000s ]
INFO: Run Common\Behavior\InitHookBehavior [ RunTime:0.001000s ]
INFO: [ app_init ] --END-- [ RunTime:0.003000s ]
INFO: [ app_begin ] --START--
INFO: Run Behavior\ReadHtmlCacheBehavior [ RunTime:0.001000s ]
INFO: [ app_begin ] --END-- [ RunTime:0.001000s ]
SQL: SHOW COLUMNS FROM `bb_51_user` [ RunTime:0.0030s ]
SQL: SELECT * FROM `bb_51_user` join `bb_51_userdata` as `D` on `bb_51_user`.`uid`=`D`.`uid`  WHERE ( `D`.`userkey`='d161e118d3f4911a213b1b216d6c95c7' AND `bb_51_user`.`login_status`='1' ) LIMIT 1   [ RunTime:0.0000s ]

